------------------------------------------------------------------------------------------------------------------------------------------------------------------------------------------------------------------------------------------------------------
      name:  <unnamed>
       log:  /home/data/ransom/NLSYvCPS/Analysis/PSID/psid_regs2.log
  log type:  text
 opened on:  12 Feb 2019, 09:32:55

. 
. use ../../Data/PSID/psid_master, clear

. 
. *****************************************************************************
. * Run various log-wage specifications of the college wage premium and create
. *  a dataset of CWP (HSWP?) estimates by birth year, age at wage, gender, 
. *  specification
. * 
. * Specifications:
. *   Raw - no controls
. *   Mincer - potExp^2, hgc
. *   HLT - potExp^3, hgc, potExp*hgc, race/ethnicity
. *   +Exper - replace potExp with exper
. *     !!! - Don't have actually exper!
. *   +Back - add background vars such as parents ed, afqt, etc
. *     !!! - Currently there are no addtnl background vars in CPS_data3
. *****************************************************************************
. tab grad4yr

    grad4yr |      Freq.     Percent        Cum.
------------+-----------------------------------
          0 |    309,399       83.78       83.78
          1 |     59,916       16.22      100.00
------------+-----------------------------------
      Total |    369,315      100.00

. tab gradHS

     gradHS |      Freq.     Percent        Cum.
------------+-----------------------------------
          0 |     85,823       23.24       23.24
          1 |    283,492       76.76      100.00
------------+-----------------------------------
      Total |    369,315      100.00

. count
  369,315

. count if !mi(hgc)
  369,315

. drop if mi(hgc)
(0 observations deleted)

. 
. *---------------------------------------------
. * Generate variables
. *---------------------------------------------
. replace wage = 100 if inrange(wage,100,.)
(696 real changes made)

. replace wage =   2 if inrange(wage,.,2)
(8,559 real changes made)

. drop if ~inrange(wage,2,100)
(146,017 observations deleted)

. gen lnwage   = ln(wage)

. 
. drop if inlist(wage,2,100) // Comment this line to topcode v drop
(9,265 observations deleted)

. 
. * background variables
. cap drop race

. generat race = .
(214,033 missing values generated)

. replace race = 1 if white
(140,326 real changes made)

. replace race = 2 if black
(64,678 real changes made)

. replace race = 3 if other
(9,029 real changes made)

. lab def vlrace     1 "White" 2 "Black" 3 "Hispanic" 4 "Other"

. lab val race       vlrace

. 
. * gen potExp
. gen potExp = age-hgc-6

. 
. * gen female
. cap drop female

. gen female = male==0

. 
. * rename wave --> year
. ren wave year

. 
. gen someCol  = hgc>12 & hgc<16 & grad4yr==0

. *gen gradGrad = inrange(hgc,17,.)
. 
. postfile tester birthyr female age1 age2 empFT str20(controls) HSWP SCWP CWP GWP HSWPse SCWPse CWPse GWPse N R2a using psid_regs2, replace

. forvalues BYR = 1945/1986 {
  2.     disp "`BYR'"
  3.     foreach FEM in 0 1 {
  4.         foreach AGES in 1828 2534 2630 3039 3544 4554 {
  5.             local AGE1 = floor(`AGES'/100)
  6.             local AGE2 = `AGES' - `AGE1'*100
  7.             foreach FT in 1 {
  8.                 qui count if birthyr==`BYR' & female==`FEM' & inrange(age,`AGE1',`AGE2') & empFT==`FT' & ~mi(svywgt)
  9.                 local counter = `r(N)'
 10.                 di "Count=`counter' BirthYear=`BYR' Female=`FEM' AgeLo=`AGE1' AgeHi=`AGE2' EmpFT=`FT'"
 11.                 if `=1*`counter''>19 {
 12.                     qui  reg lnwage gradHS someCol grad4yr gradGrad  [aw=svywgt] if birthyr==`BYR' & female==`FEM' & inrange(age,`AGE1',`AGE2') & empFT==`FT'
 13.                                 post tester (`BYR') (`FEM') (`AGE1') (`AGE2') (`FT') ("RawGradExact") (_b[gradHS]) (_b[someCol]) (_b[grad4yr]) (_b[gradGrad]) (_se[gradHS]) (_se[someCol]) (_se[grad4yr]) (_se[gradGrad]) (e(N)) (e(r2_a))
 14.                 }
 15.                         }
 16.                 }
 17.         }
 18. }
1945
Count=279 BirthYear=1945 Female=0 AgeLo=18 AgeHi=28 EmpFT=1
Count=467 BirthYear=1945 Female=0 AgeLo=25 AgeHi=34 EmpFT=1
Count=211 BirthYear=1945 Female=0 AgeLo=26 AgeHi=30 EmpFT=1
Count=464 BirthYear=1945 Female=0 AgeLo=30 AgeHi=39 EmpFT=1
Count=417 BirthYear=1945 Female=0 AgeLo=35 AgeHi=44 EmpFT=1
Count=246 BirthYear=1945 Female=0 AgeLo=45 AgeHi=54 EmpFT=1
Count=149 BirthYear=1945 Female=1 AgeLo=18 AgeHi=28 EmpFT=1
Count=250 BirthYear=1945 Female=1 AgeLo=25 AgeHi=34 EmpFT=1
Count=118 BirthYear=1945 Female=1 AgeLo=26 AgeHi=30 EmpFT=1
Count=300 BirthYear=1945 Female=1 AgeLo=30 AgeHi=39 EmpFT=1
Count=329 BirthYear=1945 Female=1 AgeLo=35 AgeHi=44 EmpFT=1
Count=193 BirthYear=1945 Female=1 AgeLo=45 AgeHi=54 EmpFT=1
1946
Count=209 BirthYear=1946 Female=0 AgeLo=18 AgeHi=28 EmpFT=1
Count=377 BirthYear=1946 Female=0 AgeLo=25 AgeHi=34 EmpFT=1
Count=173 BirthYear=1946 Female=0 AgeLo=26 AgeHi=30 EmpFT=1
Count=425 BirthYear=1946 Female=0 AgeLo=30 AgeHi=39 EmpFT=1
Count=429 BirthYear=1946 Female=0 AgeLo=35 AgeHi=44 EmpFT=1
Count=249 BirthYear=1946 Female=0 AgeLo=45 AgeHi=54 EmpFT=1
Count=132 BirthYear=1946 Female=1 AgeLo=18 AgeHi=28 EmpFT=1
Count=196 BirthYear=1946 Female=1 AgeLo=25 AgeHi=34 EmpFT=1
Count=90 BirthYear=1946 Female=1 AgeLo=26 AgeHi=30 EmpFT=1
Count=253 BirthYear=1946 Female=1 AgeLo=30 AgeHi=39 EmpFT=1
Count=302 BirthYear=1946 Female=1 AgeLo=35 AgeHi=44 EmpFT=1
Count=196 BirthYear=1946 Female=1 AgeLo=45 AgeHi=54 EmpFT=1
1947
Count=356 BirthYear=1947 Female=0 AgeLo=18 AgeHi=28 EmpFT=1
Count=581 BirthYear=1947 Female=0 AgeLo=25 AgeHi=34 EmpFT=1
Count=289 BirthYear=1947 Female=0 AgeLo=26 AgeHi=30 EmpFT=1
Count=596 BirthYear=1947 Female=0 AgeLo=30 AgeHi=39 EmpFT=1
Count=553 BirthYear=1947 Female=0 AgeLo=35 AgeHi=44 EmpFT=1
Count=300 BirthYear=1947 Female=0 AgeLo=45 AgeHi=54 EmpFT=1
Count=192 BirthYear=1947 Female=1 AgeLo=18 AgeHi=28 EmpFT=1
Count=321 BirthYear=1947 Female=1 AgeLo=25 AgeHi=34 EmpFT=1
Count=153 BirthYear=1947 Female=1 AgeLo=26 AgeHi=30 EmpFT=1
Count=404 BirthYear=1947 Female=1 AgeLo=30 AgeHi=39 EmpFT=1
Count=440 BirthYear=1947 Female=1 AgeLo=35 AgeHi=44 EmpFT=1
Count=308 BirthYear=1947 Female=1 AgeLo=45 AgeHi=54 EmpFT=1
1948
Count=318 BirthYear=1948 Female=0 AgeLo=18 AgeHi=28 EmpFT=1
Count=691 BirthYear=1948 Female=0 AgeLo=25 AgeHi=34 EmpFT=1
Count=343 BirthYear=1948 Female=0 AgeLo=26 AgeHi=30 EmpFT=1
Count=740 BirthYear=1948 Female=0 AgeLo=30 AgeHi=39 EmpFT=1
Count=673 BirthYear=1948 Female=0 AgeLo=35 AgeHi=44 EmpFT=1
Count=311 BirthYear=1948 Female=0 AgeLo=45 AgeHi=54 EmpFT=1
Count=223 BirthYear=1948 Female=1 AgeLo=18 AgeHi=28 EmpFT=1
Count=346 BirthYear=1948 Female=1 AgeLo=25 AgeHi=34 EmpFT=1
Count=181 BirthYear=1948 Female=1 AgeLo=26 AgeHi=30 EmpFT=1
Count=398 BirthYear=1948 Female=1 AgeLo=30 AgeHi=39 EmpFT=1
Count=433 BirthYear=1948 Female=1 AgeLo=35 AgeHi=44 EmpFT=1
Count=243 BirthYear=1948 Female=1 AgeLo=45 AgeHi=54 EmpFT=1
1949
Count=375 BirthYear=1949 Female=0 AgeLo=18 AgeHi=28 EmpFT=1
Count=640 BirthYear=1949 Female=0 AgeLo=25 AgeHi=34 EmpFT=1
Count=338 BirthYear=1949 Female=0 AgeLo=26 AgeHi=30 EmpFT=1
Count=631 BirthYear=1949 Female=0 AgeLo=30 AgeHi=39 EmpFT=1
Count=524 BirthYear=1949 Female=0 AgeLo=35 AgeHi=44 EmpFT=1
Count=292 BirthYear=1949 Female=0 AgeLo=45 AgeHi=54 EmpFT=1
Count=207 BirthYear=1949 Female=1 AgeLo=18 AgeHi=28 EmpFT=1
Count=350 BirthYear=1949 Female=1 AgeLo=25 AgeHi=34 EmpFT=1
Count=178 BirthYear=1949 Female=1 AgeLo=26 AgeHi=30 EmpFT=1
Count=405 BirthYear=1949 Female=1 AgeLo=30 AgeHi=39 EmpFT=1
Count=368 BirthYear=1949 Female=1 AgeLo=35 AgeHi=44 EmpFT=1
Count=283 BirthYear=1949 Female=1 AgeLo=45 AgeHi=54 EmpFT=1
1950
Count=290 BirthYear=1950 Female=0 AgeLo=18 AgeHi=28 EmpFT=1
Count=561 BirthYear=1950 Female=0 AgeLo=25 AgeHi=34 EmpFT=1
Count=298 BirthYear=1950 Female=0 AgeLo=26 AgeHi=30 EmpFT=1
Count=549 BirthYear=1950 Female=0 AgeLo=30 AgeHi=39 EmpFT=1
Count=488 BirthYear=1950 Female=0 AgeLo=35 AgeHi=44 EmpFT=1
Count=258 BirthYear=1950 Female=0 AgeLo=45 AgeHi=54 EmpFT=1
Count=239 BirthYear=1950 Female=1 AgeLo=18 AgeHi=28 EmpFT=1
Count=445 BirthYear=1950 Female=1 AgeLo=25 AgeHi=34 EmpFT=1
Count=217 BirthYear=1950 Female=1 AgeLo=26 AgeHi=30 EmpFT=1
Count=490 BirthYear=1950 Female=1 AgeLo=30 AgeHi=39 EmpFT=1
Count=470 BirthYear=1950 Female=1 AgeLo=35 AgeHi=44 EmpFT=1
Count=266 BirthYear=1950 Female=1 AgeLo=45 AgeHi=54 EmpFT=1
1951
Count=310 BirthYear=1951 Female=0 AgeLo=18 AgeHi=28 EmpFT=1
Count=613 BirthYear=1951 Female=0 AgeLo=25 AgeHi=34 EmpFT=1
Count=327 BirthYear=1951 Female=0 AgeLo=26 AgeHi=30 EmpFT=1
Count=550 BirthYear=1951 Female=0 AgeLo=30 AgeHi=39 EmpFT=1
Count=422 BirthYear=1951 Female=0 AgeLo=35 AgeHi=44 EmpFT=1
Count=243 BirthYear=1951 Female=0 AgeLo=45 AgeHi=54 EmpFT=1
Count=207 BirthYear=1951 Female=1 AgeLo=18 AgeHi=28 EmpFT=1
Count=401 BirthYear=1951 Female=1 AgeLo=25 AgeHi=34 EmpFT=1
Count=202 BirthYear=1951 Female=1 AgeLo=26 AgeHi=30 EmpFT=1
Count=433 BirthYear=1951 Female=1 AgeLo=30 AgeHi=39 EmpFT=1
Count=422 BirthYear=1951 Female=1 AgeLo=35 AgeHi=44 EmpFT=1
Count=243 BirthYear=1951 Female=1 AgeLo=45 AgeHi=54 EmpFT=1
1952
Count=470 BirthYear=1952 Female=0 AgeLo=18 AgeHi=28 EmpFT=1
Count=777 BirthYear=1952 Female=0 AgeLo=25 AgeHi=34 EmpFT=1
Count=416 BirthYear=1952 Female=0 AgeLo=26 AgeHi=30 EmpFT=1
Count=715 BirthYear=1952 Female=0 AgeLo=30 AgeHi=39 EmpFT=1
Count=597 BirthYear=1952 Female=0 AgeLo=35 AgeHi=44 EmpFT=1
Count=245 BirthYear=1952 Female=0 AgeLo=45 AgeHi=54 EmpFT=1
Count=253 BirthYear=1952 Female=1 AgeLo=18 AgeHi=28 EmpFT=1
Count=406 BirthYear=1952 Female=1 AgeLo=25 AgeHi=34 EmpFT=1
Count=214 BirthYear=1952 Female=1 AgeLo=26 AgeHi=30 EmpFT=1
Count=436 BirthYear=1952 Female=1 AgeLo=30 AgeHi=39 EmpFT=1
Count=417 BirthYear=1952 Female=1 AgeLo=35 AgeHi=44 EmpFT=1
Count=188 BirthYear=1952 Female=1 AgeLo=45 AgeHi=54 EmpFT=1
1953
Count=534 BirthYear=1953 Female=0 AgeLo=18 AgeHi=28 EmpFT=1
Count=754 BirthYear=1953 Female=0 AgeLo=25 AgeHi=34 EmpFT=1
Count=399 BirthYear=1953 Female=0 AgeLo=26 AgeHi=30 EmpFT=1
Count=685 BirthYear=1953 Female=0 AgeLo=30 AgeHi=39 EmpFT=1
Count=549 BirthYear=1953 Female=0 AgeLo=35 AgeHi=44 EmpFT=1
Count=236 BirthYear=1953 Female=0 AgeLo=45 AgeHi=54 EmpFT=1
Count=327 BirthYear=1953 Female=1 AgeLo=18 AgeHi=28 EmpFT=1
Count=512 BirthYear=1953 Female=1 AgeLo=25 AgeHi=34 EmpFT=1
Count=267 BirthYear=1953 Female=1 AgeLo=26 AgeHi=30 EmpFT=1
Count=518 BirthYear=1953 Female=1 AgeLo=30 AgeHi=39 EmpFT=1
Count=455 BirthYear=1953 Female=1 AgeLo=35 AgeHi=44 EmpFT=1
Count=215 BirthYear=1953 Female=1 AgeLo=45 AgeHi=54 EmpFT=1
1954
Count=574 BirthYear=1954 Female=0 AgeLo=18 AgeHi=28 EmpFT=1
Count=814 BirthYear=1954 Female=0 AgeLo=25 AgeHi=34 EmpFT=1
Count=402 BirthYear=1954 Female=0 AgeLo=26 AgeHi=30 EmpFT=1
Count=705 BirthYear=1954 Female=0 AgeLo=30 AgeHi=39 EmpFT=1
Count=521 BirthYear=1954 Female=0 AgeLo=35 AgeHi=44 EmpFT=1
Count=268 BirthYear=1954 Female=0 AgeLo=45 AgeHi=54 EmpFT=1
Count=406 BirthYear=1954 Female=1 AgeLo=18 AgeHi=28 EmpFT=1
Count=635 BirthYear=1954 Female=1 AgeLo=25 AgeHi=34 EmpFT=1
Count=315 BirthYear=1954 Female=1 AgeLo=26 AgeHi=30 EmpFT=1
Count=589 BirthYear=1954 Female=1 AgeLo=30 AgeHi=39 EmpFT=1
Count=463 BirthYear=1954 Female=1 AgeLo=35 AgeHi=44 EmpFT=1
Count=220 BirthYear=1954 Female=1 AgeLo=45 AgeHi=54 EmpFT=1
1955
Count=592 BirthYear=1955 Female=0 AgeLo=18 AgeHi=28 EmpFT=1
Count=792 BirthYear=1955 Female=0 AgeLo=25 AgeHi=34 EmpFT=1
Count=400 BirthYear=1955 Female=0 AgeLo=26 AgeHi=30 EmpFT=1
Count=659 BirthYear=1955 Female=0 AgeLo=30 AgeHi=39 EmpFT=1
Count=533 BirthYear=1955 Female=0 AgeLo=35 AgeHi=44 EmpFT=1
Count=329 BirthYear=1955 Female=0 AgeLo=45 AgeHi=54 EmpFT=1
Count=400 BirthYear=1955 Female=1 AgeLo=18 AgeHi=28 EmpFT=1
Count=573 BirthYear=1955 Female=1 AgeLo=25 AgeHi=34 EmpFT=1
Count=290 BirthYear=1955 Female=1 AgeLo=26 AgeHi=30 EmpFT=1
Count=530 BirthYear=1955 Female=1 AgeLo=30 AgeHi=39 EmpFT=1
Count=468 BirthYear=1955 Female=1 AgeLo=35 AgeHi=44 EmpFT=1
Count=246 BirthYear=1955 Female=1 AgeLo=45 AgeHi=54 EmpFT=1
1956
Count=561 BirthYear=1956 Female=0 AgeLo=18 AgeHi=28 EmpFT=1
Count=800 BirthYear=1956 Female=0 AgeLo=25 AgeHi=34 EmpFT=1
Count=409 BirthYear=1956 Female=0 AgeLo=26 AgeHi=30 EmpFT=1
Count=738 BirthYear=1956 Female=0 AgeLo=30 AgeHi=39 EmpFT=1
Count=492 BirthYear=1956 Female=0 AgeLo=35 AgeHi=44 EmpFT=1
Count=234 BirthYear=1956 Female=0 AgeLo=45 AgeHi=54 EmpFT=1
Count=470 BirthYear=1956 Female=1 AgeLo=18 AgeHi=28 EmpFT=1
Count=622 BirthYear=1956 Female=1 AgeLo=25 AgeHi=34 EmpFT=1
Count=309 BirthYear=1956 Female=1 AgeLo=26 AgeHi=30 EmpFT=1
Count=580 BirthYear=1956 Female=1 AgeLo=30 AgeHi=39 EmpFT=1
Count=433 BirthYear=1956 Female=1 AgeLo=35 AgeHi=44 EmpFT=1
Count=274 BirthYear=1956 Female=1 AgeLo=45 AgeHi=54 EmpFT=1
1957
Count=502 BirthYear=1957 Female=0 AgeLo=18 AgeHi=28 EmpFT=1
Count=623 BirthYear=1957 Female=0 AgeLo=25 AgeHi=34 EmpFT=1
Count=319 BirthYear=1957 Female=0 AgeLo=26 AgeHi=30 EmpFT=1
Count=518 BirthYear=1957 Female=0 AgeLo=30 AgeHi=39 EmpFT=1
Count=351 BirthYear=1957 Female=0 AgeLo=35 AgeHi=44 EmpFT=1
Count=218 BirthYear=1957 Female=0 AgeLo=45 AgeHi=54 EmpFT=1
Count=364 BirthYear=1957 Female=1 AgeLo=18 AgeHi=28 EmpFT=1
Count=441 BirthYear=1957 Female=1 AgeLo=25 AgeHi=34 EmpFT=1
Count=239 BirthYear=1957 Female=1 AgeLo=26 AgeHi=30 EmpFT=1
Count=404 BirthYear=1957 Female=1 AgeLo=30 AgeHi=39 EmpFT=1
Count=305 BirthYear=1957 Female=1 AgeLo=35 AgeHi=44 EmpFT=1
Count=195 BirthYear=1957 Female=1 AgeLo=45 AgeHi=54 EmpFT=1
1958
Count=486 BirthYear=1958 Female=0 AgeLo=18 AgeHi=28 EmpFT=1
Count=718 BirthYear=1958 Female=0 AgeLo=25 AgeHi=34 EmpFT=1
Count=354 BirthYear=1958 Female=0 AgeLo=26 AgeHi=30 EmpFT=1
Count=608 BirthYear=1958 Female=0 AgeLo=30 AgeHi=39 EmpFT=1
Count=338 BirthYear=1958 Female=0 AgeLo=35 AgeHi=44 EmpFT=1
Count=237 BirthYear=1958 Female=0 AgeLo=45 AgeHi=54 EmpFT=1
Count=406 BirthYear=1958 Female=1 AgeLo=18 AgeHi=28 EmpFT=1
Count=548 BirthYear=1958 Female=1 AgeLo=25 AgeHi=34 EmpFT=1
Count=283 BirthYear=1958 Female=1 AgeLo=26 AgeHi=30 EmpFT=1
Count=461 BirthYear=1958 Female=1 AgeLo=30 AgeHi=39 EmpFT=1
Count=303 BirthYear=1958 Female=1 AgeLo=35 AgeHi=44 EmpFT=1
Count=262 BirthYear=1958 Female=1 AgeLo=45 AgeHi=54 EmpFT=1
1959
Count=489 BirthYear=1959 Female=0 AgeLo=18 AgeHi=28 EmpFT=1
Count=645 BirthYear=1959 Female=0 AgeLo=25 AgeHi=34 EmpFT=1
Count=358 BirthYear=1959 Female=0 AgeLo=26 AgeHi=30 EmpFT=1
Count=533 BirthYear=1959 Female=0 AgeLo=30 AgeHi=39 EmpFT=1
Count=369 BirthYear=1959 Female=0 AgeLo=35 AgeHi=44 EmpFT=1
Count=215 BirthYear=1959 Female=0 AgeLo=45 AgeHi=54 EmpFT=1
Count=404 BirthYear=1959 Female=1 AgeLo=18 AgeHi=28 EmpFT=1
Count=508 BirthYear=1959 Female=1 AgeLo=25 AgeHi=34 EmpFT=1
Count=276 BirthYear=1959 Female=1 AgeLo=26 AgeHi=30 EmpFT=1
Count=442 BirthYear=1959 Female=1 AgeLo=30 AgeHi=39 EmpFT=1
Count=365 BirthYear=1959 Female=1 AgeLo=35 AgeHi=44 EmpFT=1
Count=256 BirthYear=1959 Female=1 AgeLo=45 AgeHi=54 EmpFT=1
1960
Count=525 BirthYear=1960 Female=0 AgeLo=18 AgeHi=28 EmpFT=1
Count=708 BirthYear=1960 Female=0 AgeLo=25 AgeHi=34 EmpFT=1
Count=411 BirthYear=1960 Female=0 AgeLo=26 AgeHi=30 EmpFT=1
Count=600 BirthYear=1960 Female=0 AgeLo=30 AgeHi=39 EmpFT=1
Count=428 BirthYear=1960 Female=0 AgeLo=35 AgeHi=44 EmpFT=1
Count=292 BirthYear=1960 Female=0 AgeLo=45 AgeHi=54 EmpFT=1
Count=412 BirthYear=1960 Female=1 AgeLo=18 AgeHi=28 EmpFT=1
Count=474 BirthYear=1960 Female=1 AgeLo=25 AgeHi=34 EmpFT=1
Count=277 BirthYear=1960 Female=1 AgeLo=26 AgeHi=30 EmpFT=1
Count=393 BirthYear=1960 Female=1 AgeLo=30 AgeHi=39 EmpFT=1
Count=289 BirthYear=1960 Female=1 AgeLo=35 AgeHi=44 EmpFT=1
Count=233 BirthYear=1960 Female=1 AgeLo=45 AgeHi=54 EmpFT=1
1961
Count=464 BirthYear=1961 Female=0 AgeLo=18 AgeHi=28 EmpFT=1
Count=615 BirthYear=1961 Female=0 AgeLo=25 AgeHi=34 EmpFT=1
Count=350 BirthYear=1961 Female=0 AgeLo=26 AgeHi=30 EmpFT=1
Count=440 BirthYear=1961 Female=0 AgeLo=30 AgeHi=39 EmpFT=1
Count=341 BirthYear=1961 Female=0 AgeLo=35 AgeHi=44 EmpFT=1
Count=263 BirthYear=1961 Female=0 AgeLo=45 AgeHi=54 EmpFT=1
Count=388 BirthYear=1961 Female=1 AgeLo=18 AgeHi=28 EmpFT=1
Count=488 BirthYear=1961 Female=1 AgeLo=25 AgeHi=34 EmpFT=1
Count=266 BirthYear=1961 Female=1 AgeLo=26 AgeHi=30 EmpFT=1
Count=353 BirthYear=1961 Female=1 AgeLo=30 AgeHi=39 EmpFT=1
Count=269 BirthYear=1961 Female=1 AgeLo=35 AgeHi=44 EmpFT=1
Count=189 BirthYear=1961 Female=1 AgeLo=45 AgeHi=54 EmpFT=1
1962
Count=463 BirthYear=1962 Female=0 AgeLo=18 AgeHi=28 EmpFT=1
Count=617 BirthYear=1962 Female=0 AgeLo=25 AgeHi=34 EmpFT=1
Count=357 BirthYear=1962 Female=0 AgeLo=26 AgeHi=30 EmpFT=1
Count=402 BirthYear=1962 Female=0 AgeLo=30 AgeHi=39 EmpFT=1
Count=240 BirthYear=1962 Female=0 AgeLo=35 AgeHi=44 EmpFT=1
Count=229 BirthYear=1962 Female=0 AgeLo=45 AgeHi=54 EmpFT=1
Count=460 BirthYear=1962 Female=1 AgeLo=18 AgeHi=28 EmpFT=1
Count=525 BirthYear=1962 Female=1 AgeLo=25 AgeHi=34 EmpFT=1
Count=293 BirthYear=1962 Female=1 AgeLo=26 AgeHi=30 EmpFT=1
Count=379 BirthYear=1962 Female=1 AgeLo=30 AgeHi=39 EmpFT=1
Count=282 BirthYear=1962 Female=1 AgeLo=35 AgeHi=44 EmpFT=1
Count=275 BirthYear=1962 Female=1 AgeLo=45 AgeHi=54 EmpFT=1
1963
Count=384 BirthYear=1963 Female=0 AgeLo=18 AgeHi=28 EmpFT=1
Count=492 BirthYear=1963 Female=0 AgeLo=25 AgeHi=34 EmpFT=1
Count=233 BirthYear=1963 Female=0 AgeLo=26 AgeHi=30 EmpFT=1
Count=323 BirthYear=1963 Female=0 AgeLo=30 AgeHi=39 EmpFT=1
Count=235 BirthYear=1963 Female=0 AgeLo=35 AgeHi=44 EmpFT=1
Count=162 BirthYear=1963 Female=0 AgeLo=45 AgeHi=54 EmpFT=1
Count=366 BirthYear=1963 Female=1 AgeLo=18 AgeHi=28 EmpFT=1
Count=440 BirthYear=1963 Female=1 AgeLo=25 AgeHi=34 EmpFT=1
Count=209 BirthYear=1963 Female=1 AgeLo=26 AgeHi=30 EmpFT=1
Count=301 BirthYear=1963 Female=1 AgeLo=30 AgeHi=39 EmpFT=1
Count=278 BirthYear=1963 Female=1 AgeLo=35 AgeHi=44 EmpFT=1
Count=202 BirthYear=1963 Female=1 AgeLo=45 AgeHi=54 EmpFT=1
1964
Count=416 BirthYear=1964 Female=0 AgeLo=18 AgeHi=28 EmpFT=1
Count=478 BirthYear=1964 Female=0 AgeLo=25 AgeHi=34 EmpFT=1
Count=235 BirthYear=1964 Female=0 AgeLo=26 AgeHi=30 EmpFT=1
Count=397 BirthYear=1964 Female=0 AgeLo=30 AgeHi=39 EmpFT=1
Count=294 BirthYear=1964 Female=0 AgeLo=35 AgeHi=44 EmpFT=1
Count=188 BirthYear=1964 Female=0 AgeLo=45 AgeHi=54 EmpFT=1
Count=338 BirthYear=1964 Female=1 AgeLo=18 AgeHi=28 EmpFT=1
Count=388 BirthYear=1964 Female=1 AgeLo=25 AgeHi=34 EmpFT=1
Count=186 BirthYear=1964 Female=1 AgeLo=26 AgeHi=30 EmpFT=1
Count=327 BirthYear=1964 Female=1 AgeLo=30 AgeHi=39 EmpFT=1
Count=237 BirthYear=1964 Female=1 AgeLo=35 AgeHi=44 EmpFT=1
Count=196 BirthYear=1964 Female=1 AgeLo=45 AgeHi=54 EmpFT=1
1965
Count=329 BirthYear=1965 Female=0 AgeLo=18 AgeHi=28 EmpFT=1
Count=348 BirthYear=1965 Female=0 AgeLo=25 AgeHi=34 EmpFT=1
Count=185 BirthYear=1965 Female=0 AgeLo=26 AgeHi=30 EmpFT=1
Count=240 BirthYear=1965 Female=0 AgeLo=30 AgeHi=39 EmpFT=1
Count=196 BirthYear=1965 Female=0 AgeLo=35 AgeHi=44 EmpFT=1
Count=104 BirthYear=1965 Female=0 AgeLo=45 AgeHi=54 EmpFT=1
Count=371 BirthYear=1965 Female=1 AgeLo=18 AgeHi=28 EmpFT=1
Count=424 BirthYear=1965 Female=1 AgeLo=25 AgeHi=34 EmpFT=1
Count=226 BirthYear=1965 Female=1 AgeLo=26 AgeHi=30 EmpFT=1
Count=304 BirthYear=1965 Female=1 AgeLo=30 AgeHi=39 EmpFT=1
Count=253 BirthYear=1965 Female=1 AgeLo=35 AgeHi=44 EmpFT=1
Count=160 BirthYear=1965 Female=1 AgeLo=45 AgeHi=54 EmpFT=1
1966
Count=292 BirthYear=1966 Female=0 AgeLo=18 AgeHi=28 EmpFT=1
Count=348 BirthYear=1966 Female=0 AgeLo=25 AgeHi=34 EmpFT=1
Count=213 BirthYear=1966 Female=0 AgeLo=26 AgeHi=30 EmpFT=1
Count=271 BirthYear=1966 Female=0 AgeLo=30 AgeHi=39 EmpFT=1
Count=219 BirthYear=1966 Female=0 AgeLo=35 AgeHi=44 EmpFT=1
Count=104 BirthYear=1966 Female=0 AgeLo=45 AgeHi=54 EmpFT=1
Count=278 BirthYear=1966 Female=1 AgeLo=18 AgeHi=28 EmpFT=1
Count=300 BirthYear=1966 Female=1 AgeLo=25 AgeHi=34 EmpFT=1
Count=192 BirthYear=1966 Female=1 AgeLo=26 AgeHi=30 EmpFT=1
Count=267 BirthYear=1966 Female=1 AgeLo=30 AgeHi=39 EmpFT=1
Count=252 BirthYear=1966 Female=1 AgeLo=35 AgeHi=44 EmpFT=1
Count=153 BirthYear=1966 Female=1 AgeLo=45 AgeHi=54 EmpFT=1
1967
Count=322 BirthYear=1967 Female=0 AgeLo=18 AgeHi=28 EmpFT=1
Count=343 BirthYear=1967 Female=0 AgeLo=25 AgeHi=34 EmpFT=1
Count=196 BirthYear=1967 Female=0 AgeLo=26 AgeHi=30 EmpFT=1
Count=232 BirthYear=1967 Female=0 AgeLo=30 AgeHi=39 EmpFT=1
Count=224 BirthYear=1967 Female=0 AgeLo=35 AgeHi=44 EmpFT=1
Count=87 BirthYear=1967 Female=0 AgeLo=45 AgeHi=54 EmpFT=1
Count=200 BirthYear=1967 Female=1 AgeLo=18 AgeHi=28 EmpFT=1
Count=226 BirthYear=1967 Female=1 AgeLo=25 AgeHi=34 EmpFT=1
Count=130 BirthYear=1967 Female=1 AgeLo=26 AgeHi=30 EmpFT=1
Count=156 BirthYear=1967 Female=1 AgeLo=30 AgeHi=39 EmpFT=1
Count=165 BirthYear=1967 Female=1 AgeLo=35 AgeHi=44 EmpFT=1
Count=65 BirthYear=1967 Female=1 AgeLo=45 AgeHi=54 EmpFT=1
1968
Count=269 BirthYear=1968 Female=0 AgeLo=18 AgeHi=28 EmpFT=1
Count=285 BirthYear=1968 Female=0 AgeLo=25 AgeHi=34 EmpFT=1
Count=177 BirthYear=1968 Female=0 AgeLo=26 AgeHi=30 EmpFT=1
Count=248 BirthYear=1968 Female=0 AgeLo=30 AgeHi=39 EmpFT=1
Count=245 BirthYear=1968 Female=0 AgeLo=35 AgeHi=44 EmpFT=1
Count=88 BirthYear=1968 Female=0 AgeLo=45 AgeHi=54 EmpFT=1
Count=214 BirthYear=1968 Female=1 AgeLo=18 AgeHi=28 EmpFT=1
Count=227 BirthYear=1968 Female=1 AgeLo=25 AgeHi=34 EmpFT=1
Count=137 BirthYear=1968 Female=1 AgeLo=26 AgeHi=30 EmpFT=1
Count=199 BirthYear=1968 Female=1 AgeLo=30 AgeHi=39 EmpFT=1
Count=197 BirthYear=1968 Female=1 AgeLo=35 AgeHi=44 EmpFT=1
Count=71 BirthYear=1968 Female=1 AgeLo=45 AgeHi=54 EmpFT=1
1969
Count=208 BirthYear=1969 Female=0 AgeLo=18 AgeHi=28 EmpFT=1
Count=268 BirthYear=1969 Female=0 AgeLo=25 AgeHi=34 EmpFT=1
Count=148 BirthYear=1969 Female=0 AgeLo=26 AgeHi=30 EmpFT=1
Count=209 BirthYear=1969 Female=0 AgeLo=30 AgeHi=39 EmpFT=1
Count=185 BirthYear=1969 Female=0 AgeLo=35 AgeHi=44 EmpFT=1
Count=35 BirthYear=1969 Female=0 AgeLo=45 AgeHi=54 EmpFT=1
Count=188 BirthYear=1969 Female=1 AgeLo=18 AgeHi=28 EmpFT=1
Count=219 BirthYear=1969 Female=1 AgeLo=25 AgeHi=34 EmpFT=1
Count=122 BirthYear=1969 Female=1 AgeLo=26 AgeHi=30 EmpFT=1
Count=174 BirthYear=1969 Female=1 AgeLo=30 AgeHi=39 EmpFT=1
Count=164 BirthYear=1969 Female=1 AgeLo=35 AgeHi=44 EmpFT=1
Count=38 BirthYear=1969 Female=1 AgeLo=45 AgeHi=54 EmpFT=1
1970
Count=225 BirthYear=1970 Female=0 AgeLo=18 AgeHi=28 EmpFT=1
Count=298 BirthYear=1970 Female=0 AgeLo=25 AgeHi=34 EmpFT=1
Count=146 BirthYear=1970 Female=0 AgeLo=26 AgeHi=30 EmpFT=1
Count=255 BirthYear=1970 Female=0 AgeLo=30 AgeHi=39 EmpFT=1
Count=249 BirthYear=1970 Female=0 AgeLo=35 AgeHi=44 EmpFT=1
Count=41 BirthYear=1970 Female=0 AgeLo=45 AgeHi=54 EmpFT=1
Count=202 BirthYear=1970 Female=1 AgeLo=18 AgeHi=28 EmpFT=1
Count=263 BirthYear=1970 Female=1 AgeLo=25 AgeHi=34 EmpFT=1
Count=128 BirthYear=1970 Female=1 AgeLo=26 AgeHi=30 EmpFT=1
Count=213 BirthYear=1970 Female=1 AgeLo=30 AgeHi=39 EmpFT=1
Count=213 BirthYear=1970 Female=1 AgeLo=35 AgeHi=44 EmpFT=1
Count=43 BirthYear=1970 Female=1 AgeLo=45 AgeHi=54 EmpFT=1
1971
Count=165 BirthYear=1971 Female=0 AgeLo=18 AgeHi=28 EmpFT=1
Count=221 BirthYear=1971 Female=0 AgeLo=25 AgeHi=34 EmpFT=1
Count=100 BirthYear=1971 Female=0 AgeLo=26 AgeHi=30 EmpFT=1
Count=213 BirthYear=1971 Female=0 AgeLo=30 AgeHi=39 EmpFT=1
Count=176 BirthYear=1971 Female=0 AgeLo=35 AgeHi=44 EmpFT=1
Count=4 BirthYear=1971 Female=0 AgeLo=45 AgeHi=54 EmpFT=1
Count=220 BirthYear=1971 Female=1 AgeLo=18 AgeHi=28 EmpFT=1
Count=258 BirthYear=1971 Female=1 AgeLo=25 AgeHi=34 EmpFT=1
Count=120 BirthYear=1971 Female=1 AgeLo=26 AgeHi=30 EmpFT=1
Count=232 BirthYear=1971 Female=1 AgeLo=30 AgeHi=39 EmpFT=1
Count=226 BirthYear=1971 Female=1 AgeLo=35 AgeHi=44 EmpFT=1
Count=7 BirthYear=1971 Female=1 AgeLo=45 AgeHi=54 EmpFT=1
1972
Count=238 BirthYear=1972 Female=0 AgeLo=18 AgeHi=28 EmpFT=1
Count=264 BirthYear=1972 Female=0 AgeLo=25 AgeHi=34 EmpFT=1
Count=108 BirthYear=1972 Female=0 AgeLo=26 AgeHi=30 EmpFT=1
Count=291 BirthYear=1972 Female=0 AgeLo=30 AgeHi=39 EmpFT=1
Count=275 BirthYear=1972 Female=0 AgeLo=35 AgeHi=44 EmpFT=1
Count=0 BirthYear=1972 Female=0 AgeLo=45 AgeHi=54 EmpFT=1
Count=171 BirthYear=1972 Female=1 AgeLo=18 AgeHi=28 EmpFT=1
Count=196 BirthYear=1972 Female=1 AgeLo=25 AgeHi=34 EmpFT=1
Count=89 BirthYear=1972 Female=1 AgeLo=26 AgeHi=30 EmpFT=1
Count=190 BirthYear=1972 Female=1 AgeLo=30 AgeHi=39 EmpFT=1
Count=189 BirthYear=1972 Female=1 AgeLo=35 AgeHi=44 EmpFT=1
Count=0 BirthYear=1972 Female=1 AgeLo=45 AgeHi=54 EmpFT=1
1973
Count=191 BirthYear=1973 Female=0 AgeLo=18 AgeHi=28 EmpFT=1
Count=223 BirthYear=1973 Female=0 AgeLo=25 AgeHi=34 EmpFT=1
Count=124 BirthYear=1973 Female=0 AgeLo=26 AgeHi=30 EmpFT=1
Count=233 BirthYear=1973 Female=0 AgeLo=30 AgeHi=39 EmpFT=1
Count=180 BirthYear=1973 Female=0 AgeLo=35 AgeHi=44 EmpFT=1
Count=0 BirthYear=1973 Female=0 AgeLo=45 AgeHi=54 EmpFT=1
Count=181 BirthYear=1973 Female=1 AgeLo=18 AgeHi=28 EmpFT=1
Count=203 BirthYear=1973 Female=1 AgeLo=25 AgeHi=34 EmpFT=1
Count=117 BirthYear=1973 Female=1 AgeLo=26 AgeHi=30 EmpFT=1
Count=196 BirthYear=1973 Female=1 AgeLo=30 AgeHi=39 EmpFT=1
Count=161 BirthYear=1973 Female=1 AgeLo=35 AgeHi=44 EmpFT=1
Count=0 BirthYear=1973 Female=1 AgeLo=45 AgeHi=54 EmpFT=1
1974
Count=159 BirthYear=1974 Female=0 AgeLo=18 AgeHi=28 EmpFT=1
Count=246 BirthYear=1974 Female=0 AgeLo=25 AgeHi=34 EmpFT=1
Count=106 BirthYear=1974 Female=0 AgeLo=26 AgeHi=30 EmpFT=1
Count=233 BirthYear=1974 Female=0 AgeLo=30 AgeHi=39 EmpFT=1
Count=171 BirthYear=1974 Female=0 AgeLo=35 AgeHi=44 EmpFT=1
Count=0 BirthYear=1974 Female=0 AgeLo=45 AgeHi=54 EmpFT=1
Count=161 BirthYear=1974 Female=1 AgeLo=18 AgeHi=28 EmpFT=1
Count=207 BirthYear=1974 Female=1 AgeLo=25 AgeHi=34 EmpFT=1
Count=93 BirthYear=1974 Female=1 AgeLo=26 AgeHi=30 EmpFT=1
Count=187 BirthYear=1974 Female=1 AgeLo=30 AgeHi=39 EmpFT=1
Count=138 BirthYear=1974 Female=1 AgeLo=35 AgeHi=44 EmpFT=1
Count=0 BirthYear=1974 Female=1 AgeLo=45 AgeHi=54 EmpFT=1
1975
Count=193 BirthYear=1975 Female=0 AgeLo=18 AgeHi=28 EmpFT=1
Count=268 BirthYear=1975 Female=0 AgeLo=25 AgeHi=34 EmpFT=1
Count=153 BirthYear=1975 Female=0 AgeLo=26 AgeHi=30 EmpFT=1
Count=266 BirthYear=1975 Female=0 AgeLo=30 AgeHi=39 EmpFT=1
Count=154 BirthYear=1975 Female=0 AgeLo=35 AgeHi=44 EmpFT=1
Count=0 BirthYear=1975 Female=0 AgeLo=45 AgeHi=54 EmpFT=1
Count=228 BirthYear=1975 Female=1 AgeLo=18 AgeHi=28 EmpFT=1
Count=315 BirthYear=1975 Female=1 AgeLo=25 AgeHi=34 EmpFT=1
Count=178 BirthYear=1975 Female=1 AgeLo=26 AgeHi=30 EmpFT=1
Count=320 BirthYear=1975 Female=1 AgeLo=30 AgeHi=39 EmpFT=1
Count=181 BirthYear=1975 Female=1 AgeLo=35 AgeHi=44 EmpFT=1
Count=0 BirthYear=1975 Female=1 AgeLo=45 AgeHi=54 EmpFT=1
1976
Count=159 BirthYear=1976 Female=0 AgeLo=18 AgeHi=28 EmpFT=1
Count=266 BirthYear=1976 Female=0 AgeLo=25 AgeHi=34 EmpFT=1
Count=117 BirthYear=1976 Female=0 AgeLo=26 AgeHi=30 EmpFT=1
Count=242 BirthYear=1976 Female=0 AgeLo=30 AgeHi=39 EmpFT=1
Count=136 BirthYear=1976 Female=0 AgeLo=35 AgeHi=44 EmpFT=1
Count=0 BirthYear=1976 Female=0 AgeLo=45 AgeHi=54 EmpFT=1
Count=142 BirthYear=1976 Female=1 AgeLo=18 AgeHi=28 EmpFT=1
Count=232 BirthYear=1976 Female=1 AgeLo=25 AgeHi=34 EmpFT=1
Count=94 BirthYear=1976 Female=1 AgeLo=26 AgeHi=30 EmpFT=1
Count=224 BirthYear=1976 Female=1 AgeLo=30 AgeHi=39 EmpFT=1
Count=133 BirthYear=1976 Female=1 AgeLo=35 AgeHi=44 EmpFT=1
Count=0 BirthYear=1976 Female=1 AgeLo=45 AgeHi=54 EmpFT=1
1977
Count=196 BirthYear=1977 Female=0 AgeLo=18 AgeHi=28 EmpFT=1
Count=316 BirthYear=1977 Female=0 AgeLo=25 AgeHi=34 EmpFT=1
Count=179 BirthYear=1977 Female=0 AgeLo=26 AgeHi=30 EmpFT=1
Count=309 BirthYear=1977 Female=0 AgeLo=30 AgeHi=39 EmpFT=1
Count=118 BirthYear=1977 Female=0 AgeLo=35 AgeHi=44 EmpFT=1
Count=0 BirthYear=1977 Female=0 AgeLo=45 AgeHi=54 EmpFT=1
Count=170 BirthYear=1977 Female=1 AgeLo=18 AgeHi=28 EmpFT=1
Count=285 BirthYear=1977 Female=1 AgeLo=25 AgeHi=34 EmpFT=1
Count=162 BirthYear=1977 Female=1 AgeLo=26 AgeHi=30 EmpFT=1
Count=289 BirthYear=1977 Female=1 AgeLo=30 AgeHi=39 EmpFT=1
Count=116 BirthYear=1977 Female=1 AgeLo=35 AgeHi=44 EmpFT=1
Count=0 BirthYear=1977 Female=1 AgeLo=45 AgeHi=54 EmpFT=1
1978
Count=185 BirthYear=1978 Female=0 AgeLo=18 AgeHi=28 EmpFT=1
Count=307 BirthYear=1978 Female=0 AgeLo=25 AgeHi=34 EmpFT=1
Count=134 BirthYear=1978 Female=0 AgeLo=26 AgeHi=30 EmpFT=1
Count=246 BirthYear=1978 Female=0 AgeLo=30 AgeHi=39 EmpFT=1
Count=115 BirthYear=1978 Female=0 AgeLo=35 AgeHi=44 EmpFT=1
Count=0 BirthYear=1978 Female=0 AgeLo=45 AgeHi=54 EmpFT=1
Count=195 BirthYear=1978 Female=1 AgeLo=18 AgeHi=28 EmpFT=1
Count=317 BirthYear=1978 Female=1 AgeLo=25 AgeHi=34 EmpFT=1
Count=142 BirthYear=1978 Female=1 AgeLo=26 AgeHi=30 EmpFT=1
Count=238 BirthYear=1978 Female=1 AgeLo=30 AgeHi=39 EmpFT=1
Count=112 BirthYear=1978 Female=1 AgeLo=35 AgeHi=44 EmpFT=1
Count=0 BirthYear=1978 Female=1 AgeLo=45 AgeHi=54 EmpFT=1
1979
Count=201 BirthYear=1979 Female=0 AgeLo=18 AgeHi=28 EmpFT=1
Count=340 BirthYear=1979 Female=0 AgeLo=25 AgeHi=34 EmpFT=1
Count=184 BirthYear=1979 Female=0 AgeLo=26 AgeHi=30 EmpFT=1
Count=285 BirthYear=1979 Female=0 AgeLo=30 AgeHi=39 EmpFT=1
Count=76 BirthYear=1979 Female=0 AgeLo=35 AgeHi=44 EmpFT=1
Count=0 BirthYear=1979 Female=0 AgeLo=45 AgeHi=54 EmpFT=1
Count=193 BirthYear=1979 Female=1 AgeLo=18 AgeHi=28 EmpFT=1
Count=267 BirthYear=1979 Female=1 AgeLo=25 AgeHi=34 EmpFT=1
Count=158 BirthYear=1979 Female=1 AgeLo=26 AgeHi=30 EmpFT=1
Count=197 BirthYear=1979 Female=1 AgeLo=30 AgeHi=39 EmpFT=1
Count=49 BirthYear=1979 Female=1 AgeLo=35 AgeHi=44 EmpFT=1
Count=0 BirthYear=1979 Female=1 AgeLo=45 AgeHi=54 EmpFT=1
1980
Count=211 BirthYear=1980 Female=0 AgeLo=18 AgeHi=28 EmpFT=1
Count=353 BirthYear=1980 Female=0 AgeLo=25 AgeHi=34 EmpFT=1
Count=144 BirthYear=1980 Female=0 AgeLo=26 AgeHi=30 EmpFT=1
Count=225 BirthYear=1980 Female=0 AgeLo=30 AgeHi=39 EmpFT=1
Count=74 BirthYear=1980 Female=0 AgeLo=35 AgeHi=44 EmpFT=1
Count=0 BirthYear=1980 Female=0 AgeLo=45 AgeHi=54 EmpFT=1
Count=208 BirthYear=1980 Female=1 AgeLo=18 AgeHi=28 EmpFT=1
Count=374 BirthYear=1980 Female=1 AgeLo=25 AgeHi=34 EmpFT=1
Count=162 BirthYear=1980 Female=1 AgeLo=26 AgeHi=30 EmpFT=1
Count=231 BirthYear=1980 Female=1 AgeLo=30 AgeHi=39 EmpFT=1
Count=68 BirthYear=1980 Female=1 AgeLo=35 AgeHi=44 EmpFT=1
Count=0 BirthYear=1980 Female=1 AgeLo=45 AgeHi=54 EmpFT=1
1981
Count=210 BirthYear=1981 Female=0 AgeLo=18 AgeHi=28 EmpFT=1
Count=320 BirthYear=1981 Female=0 AgeLo=25 AgeHi=34 EmpFT=1
Count=183 BirthYear=1981 Female=0 AgeLo=26 AgeHi=30 EmpFT=1
Count=201 BirthYear=1981 Female=0 AgeLo=30 AgeHi=39 EmpFT=1
Count=13 BirthYear=1981 Female=0 AgeLo=35 AgeHi=44 EmpFT=1
Count=0 BirthYear=1981 Female=0 AgeLo=45 AgeHi=54 EmpFT=1
Count=240 BirthYear=1981 Female=1 AgeLo=18 AgeHi=28 EmpFT=1
Count=341 BirthYear=1981 Female=1 AgeLo=25 AgeHi=34 EmpFT=1
Count=200 BirthYear=1981 Female=1 AgeLo=26 AgeHi=30 EmpFT=1
Count=199 BirthYear=1981 Female=1 AgeLo=30 AgeHi=39 EmpFT=1
Count=11 BirthYear=1981 Female=1 AgeLo=35 AgeHi=44 EmpFT=1
Count=0 BirthYear=1981 Female=1 AgeLo=45 AgeHi=54 EmpFT=1
1982
Count=148 BirthYear=1982 Female=0 AgeLo=18 AgeHi=28 EmpFT=1
Count=281 BirthYear=1982 Female=0 AgeLo=25 AgeHi=34 EmpFT=1
Count=116 BirthYear=1982 Female=0 AgeLo=26 AgeHi=30 EmpFT=1
Count=136 BirthYear=1982 Female=0 AgeLo=30 AgeHi=39 EmpFT=1
Count=0 BirthYear=1982 Female=0 AgeLo=35 AgeHi=44 EmpFT=1
Count=0 BirthYear=1982 Female=0 AgeLo=45 AgeHi=54 EmpFT=1
Count=204 BirthYear=1982 Female=1 AgeLo=18 AgeHi=28 EmpFT=1
Count=307 BirthYear=1982 Female=1 AgeLo=25 AgeHi=34 EmpFT=1
Count=136 BirthYear=1982 Female=1 AgeLo=26 AgeHi=30 EmpFT=1
Count=121 BirthYear=1982 Female=1 AgeLo=30 AgeHi=39 EmpFT=1
Count=0 BirthYear=1982 Female=1 AgeLo=35 AgeHi=44 EmpFT=1
Count=0 BirthYear=1982 Female=1 AgeLo=45 AgeHi=54 EmpFT=1
1983
Count=196 BirthYear=1983 Female=0 AgeLo=18 AgeHi=28 EmpFT=1
Count=258 BirthYear=1983 Female=0 AgeLo=25 AgeHi=34 EmpFT=1
Count=180 BirthYear=1983 Female=0 AgeLo=26 AgeHi=30 EmpFT=1
Count=126 BirthYear=1983 Female=0 AgeLo=30 AgeHi=39 EmpFT=1
Count=0 BirthYear=1983 Female=0 AgeLo=35 AgeHi=44 EmpFT=1
Count=0 BirthYear=1983 Female=0 AgeLo=45 AgeHi=54 EmpFT=1
Count=203 BirthYear=1983 Female=1 AgeLo=18 AgeHi=28 EmpFT=1
Count=249 BirthYear=1983 Female=1 AgeLo=25 AgeHi=34 EmpFT=1
Count=177 BirthYear=1983 Female=1 AgeLo=26 AgeHi=30 EmpFT=1
Count=134 BirthYear=1983 Female=1 AgeLo=30 AgeHi=39 EmpFT=1
Count=0 BirthYear=1983 Female=1 AgeLo=35 AgeHi=44 EmpFT=1
Count=0 BirthYear=1983 Female=1 AgeLo=45 AgeHi=54 EmpFT=1
1984
Count=210 BirthYear=1984 Female=0 AgeLo=18 AgeHi=28 EmpFT=1
Count=287 BirthYear=1984 Female=0 AgeLo=25 AgeHi=34 EmpFT=1
Count=150 BirthYear=1984 Female=0 AgeLo=26 AgeHi=30 EmpFT=1
Count=85 BirthYear=1984 Female=0 AgeLo=30 AgeHi=39 EmpFT=1
Count=0 BirthYear=1984 Female=0 AgeLo=35 AgeHi=44 EmpFT=1
Count=0 BirthYear=1984 Female=0 AgeLo=45 AgeHi=54 EmpFT=1
Count=187 BirthYear=1984 Female=1 AgeLo=18 AgeHi=28 EmpFT=1
Count=275 BirthYear=1984 Female=1 AgeLo=25 AgeHi=34 EmpFT=1
Count=147 BirthYear=1984 Female=1 AgeLo=26 AgeHi=30 EmpFT=1
Count=81 BirthYear=1984 Female=1 AgeLo=30 AgeHi=39 EmpFT=1
Count=0 BirthYear=1984 Female=1 AgeLo=35 AgeHi=44 EmpFT=1
Count=0 BirthYear=1984 Female=1 AgeLo=45 AgeHi=54 EmpFT=1
1985
Count=188 BirthYear=1985 Female=0 AgeLo=18 AgeHi=28 EmpFT=1
Count=182 BirthYear=1985 Female=0 AgeLo=25 AgeHi=34 EmpFT=1
Count=169 BirthYear=1985 Female=0 AgeLo=26 AgeHi=30 EmpFT=1
Count=66 BirthYear=1985 Female=0 AgeLo=30 AgeHi=39 EmpFT=1
Count=0 BirthYear=1985 Female=0 AgeLo=35 AgeHi=44 EmpFT=1
Count=0 BirthYear=1985 Female=0 AgeLo=45 AgeHi=54 EmpFT=1
Count=254 BirthYear=1985 Female=1 AgeLo=18 AgeHi=28 EmpFT=1
Count=240 BirthYear=1985 Female=1 AgeLo=25 AgeHi=34 EmpFT=1
Count=221 BirthYear=1985 Female=1 AgeLo=26 AgeHi=30 EmpFT=1
Count=83 BirthYear=1985 Female=1 AgeLo=30 AgeHi=39 EmpFT=1
Count=0 BirthYear=1985 Female=1 AgeLo=35 AgeHi=44 EmpFT=1
Count=0 BirthYear=1985 Female=1 AgeLo=45 AgeHi=54 EmpFT=1
1986
Count=196 BirthYear=1986 Female=0 AgeLo=18 AgeHi=28 EmpFT=1
Count=221 BirthYear=1986 Female=0 AgeLo=25 AgeHi=34 EmpFT=1
Count=170 BirthYear=1986 Female=0 AgeLo=26 AgeHi=30 EmpFT=1
Count=10 BirthYear=1986 Female=0 AgeLo=30 AgeHi=39 EmpFT=1
Count=0 BirthYear=1986 Female=0 AgeLo=35 AgeHi=44 EmpFT=1
Count=0 BirthYear=1986 Female=0 AgeLo=45 AgeHi=54 EmpFT=1
Count=174 BirthYear=1986 Female=1 AgeLo=18 AgeHi=28 EmpFT=1
Count=178 BirthYear=1986 Female=1 AgeLo=25 AgeHi=34 EmpFT=1
Count=136 BirthYear=1986 Female=1 AgeLo=26 AgeHi=30 EmpFT=1
Count=6 BirthYear=1986 Female=1 AgeLo=30 AgeHi=39 EmpFT=1
Count=0 BirthYear=1986 Female=1 AgeLo=35 AgeHi=44 EmpFT=1
Count=0 BirthYear=1986 Female=1 AgeLo=45 AgeHi=54 EmpFT=1

. postclose tester

. 
. log close
      name:  <unnamed>
       log:  /home/data/ransom/NLSYvCPS/Analysis/PSID/psid_regs2.log
  log type:  text
 closed on:  12 Feb 2019, 09:33:16
------------------------------------------------------------------------------------------------------------------------------------------------------------------------------------------------------------------------------------------------------------
