-------------------------------------------------------------------------------
      name:  <unnamed>
       log:  /home/jared/NLSYvCPS/Analysis/compare_premia_smooth.log
  log type:  text
 opened on:  12 Feb 2019, 14:38:48

. 
. * Compare the wage premia of the different datasets/birth cohorts
. local DATALIST ACS CPS NLSY PSID SIPP

. 
. gen dataset=""

. foreach DATA in `DATALIST' {
  2.     disp "`DATA'"
  3.     local data = lower("`DATA'")
  4.     append using `DATA'/`data'_regs.dta, gen(`DATA')
  5.     replace dataset="`DATA'" if `DATA'==1
  6. }
ACS
variable dataset was str1 now str3
(5,434 real changes made)
CPS
(4,480 real changes made)
NLSY
variable dataset was str3 now str4
(1,496 real changes made)
PSID
(5,954 real changes made)
SIPP
(4,708 real changes made)

. drop   `DATALIST'

. 
. local minyear 1950

. local maxyear 1988

. local obscut  400

. 
. drop if dataset=="SIPP" & birthyr>=1983
(338 observations deleted)

. drop if birthyr<`minyear'
(2,024 observations deleted)

. 
. * Will create smooth hi/lo below
. * gen CWPhi = CWP+1.96*CWPse
. * gen CWPlo = CWP-1.96*CWPse
. * gen HSWPhi = HSWP+1.96*HSWPse
. * gen HSWPlo = HSWP-1.96*HSWPse
. 
. foreach X in CWP {
  2.     if "`X'"=="CWP"  local ymax .6
  3.     if "`X'"=="CWP"  local ymin  0
  4.     if "`X'"=="HSWP" local ymax .4
  5.     if "`X'"=="HSWP" local ymin -.1
  6. 
.         foreach FEM in 0 1 {
  7.                 if `FEM'==1 local PRE="fe"
  8.                 else local PRE=""
  9. 
.                 foreach Y in Raw RawExact HLT Mincer MincerExact HLTExact {
 10.                         foreach A in 18 25 26 30 35 45 {
 11.                                 preserve // Preserve is important so that 
> we don't have to drop our smoothed vars each time
 12.                                 lowess `X' birthyr if female==`FEM' & empF
> T & age1==`A' & N>=`obscut' & controls=="`Y'" & dataset=="NLSY" & birthyr<=19
> 64, gen(`X'smooth64) bwidth(.7)
 13.                                 lowess `X' birthyr if female==`FEM' & empF
> T & age1==`A' & N>=`obscut' & controls=="`Y'" & dataset=="NLSY" & birthyr>=19
> 80, gen(`X'smooth80) bwidth(.9)
 14.                                 
.                                 gen `X'hiSmooth64 = `X'smooth64+1.96*`X'se
 15.                                 gen `X'loSmooth64 = `X'smooth64-1.96*`X'se
 16.                                 
.                                 gen `X'hiSmooth80 = `X'smooth80+1.96*`X'se
 17.                                 gen `X'loSmooth80 = `X'smooth80-1.96*`X'se
 18.                                 
.                                 if `A'==18 drop if !inlist(birthyr,1958,1959,
> 1968,1969,1978,1979) & !inrange(birthyr,1980,1988) & dataset=="ACS" // keep 2
> 1-22 year olds
 19.                                 if `A'==25 drop if !inlist(birthyr,1950,19
> 51,1960,1961,1970,1971) & !inrange(birthyr,1972,1988) & dataset=="ACS" // kee
> p 29-30 year olds
 20.                                 if `A'==26 drop if !inlist(birthyr,1952,  
>    1962,     1972     ) & !inrange(birthyr,1973,1988) & dataset=="ACS" // kee
> p 28    year olds
 21.                                 if `A'==30 drop if !inlist(birthyr,1945,19
> 46,1955,1956,1965,1966) & !inrange(birthyr,1967,1988) & dataset=="ACS" // kee
> p 34-35 year olds
 22.                 if `A'==35 drop if ~inlist(birthyr,1940,1941,1950,1951,196
> 0,1961) & ~inrange(birthyr,1962,1988) & dataset=="ACS" // keep 39-40 year old
> s
 23.                 if `A'==45 drop if ~inlist(birthyr,1935,1936,1945,1946,195
> 5,1956) & ~inrange(birthyr,1957,1988) & dataset=="ACS" // keep 44-45 year old
> s
 24.                                 if `A'==18 local A2 28
 25.                                 if `A'==25 local A2 34
 26.                                 if `A'==26 local A2 30
 27.                                 if `A'==30 local A2 39
 28.                                 if `A'==35 local A2 44
 29.                                 if `A'==45 local A2 54
 30.                                 twoway ( rarea   `X'hiSmooth64 `X'loSmooth
> 64 birthyr if female==`FEM' & empFT & age1==`A' & N>=`obscut' & controls=="`Y
> '" & dataset=="NLSY" & birthyr<=1964 , color(gs14)) ///
>                                            ( rarea   `X'hiSmooth80 `X'loSmoot
> h80 birthyr if female==`FEM' & empFT & age1==`A' & N>=`obscut' & controls=="`
> Y'" & dataset=="NLSY" & birthyr>=1980 , color(gs14)) ///
>                                        ( lowess  `X'                         
> birthyr if female==`FEM' & empFT & age1==`A' & N>=`obscut' & controls=="`Y'" 
> & dataset=="NLSY" & birthyr<=1964 , bwidth(.7) lwidth(medthick) lcolor(black)
>  lpattern(solid)) ///
>                                            ( lowess  `X'                     
>     birthyr if female==`FEM' & empFT & age1==`A' & N>=`obscut' & controls=="`
> Y'" & dataset=="CPS"                  , bwidth(.2) lwidth(medthick) lcolor(bl
> ack) lpattern(dash)) ///
>                                            ( lowess  `X'                     
>     birthyr if female==`FEM' & empFT & age1==`A' & N>=`obscut' & controls=="`
> Y'" & dataset=="ACS"                  , bwidth(.2) lwidth(medthick) lcolor(bl
> ack) lpattern(dot)) ///
>                                            ( lowess  `X'                     
>     birthyr if female==`FEM' & empFT & age1==`A' & N>=`obscut' & controls=="`
> Y'" & dataset=="PSID" & birthyr<=1966 , bwidth(.3) lwidth(medthick) lcolor(bl
> ack) lpattern(shortdash_dot)) ///
>                                            ( lowess  `X'                     
>     birthyr if female==`FEM' & empFT & age1==`A' & N>=`obscut' & controls=="`
> Y'" & dataset=="SIPP" & birthyr<=1984 , bwidth(.2) lwidth(medthick) lcolor(bl
> ack) lpattern(longdash_dot)) ///
>                                            ( lowess  `X'                     
>     birthyr if female==`FEM' & empFT & age1==`A' & N>=`obscut' & controls=="`
> Y'" & dataset=="NLSY" & birthyr>=1980 , bwidth(.9) lwidth(medthick) lcolor(bl
> ack) lpattern(solid)) ///
>                                            ( lowess  `X'                     
>     birthyr if female==`FEM' & empFT & age1==`A' & N>=`obscut' & controls=="`
> Y'" & dataset=="PSID" & birthyr>=1978 , bwidth(.3) lwidth(medthick) lcolor(bl
> ack) lpattern(shortdash_dot)) ///
>                                 , legend(order(3 4 5 6 7) label(3 "NLSY") lab
> el(4 "CPS") label(5 "ACS") label(6 "PSID") label(7 "SIPP") cols(2) symxsize(1
> 0) keygap(1) ) ///
>                                 xscale(range(`minyear' `maxyear')) xlabel(`mi
> nyear'(4)`maxyear') yscale(range(`=`ymin'-.05' `=`ymax'+.05')) ylabel(`ymin'(
> .2)`ymax') xtitle(Birth Year) ytitle(Wage Premium) graphregion(color(white))
 31.                                 *xscale(range(`minyear' `maxyear')) xlabel
> (`minyear'(4)`maxyear') yscale(range(-.2 .8)) ylabel(-.2(.2).6) xtitle(Birth 
> Year) ytitle(Wage Premium) graphregion(color(white))
.                                 graph export PDFs/lowess_`PRE'male_FT_`A'`A2'
> _`X'_`Y'.pdf, replace
 32.                                 graph export  PSs/lowess_`PRE'male_FT_`A'`
> A2'_`X'_`Y'.eps, replace
 33.                                 restore
 34.                         }
 35.                 }
 36.     }
 37. }
(19,702 missing values generated)
(19,702 missing values generated)
(19,705 missing values generated)
(19,705 missing values generated)
(3,380 observations deleted)
(file PDFs/lowess_male_FT_1828_CWP_Raw.pdf written in PDF format)
(file PSs/lowess_male_FT_1828_CWP_Raw.eps written in EPS format)
(19,702 missing values generated)
(19,702 missing values generated)
(19,705 missing values generated)
(19,705 missing values generated)
(2,236 observations deleted)
(file PDFs/lowess_male_FT_2534_CWP_Raw.pdf written in PDF format)
(file PSs/lowess_male_FT_2534_CWP_Raw.eps written in EPS format)
(19,702 missing values generated)
(19,702 missing values generated)
(19,705 missing values generated)
(19,705 missing values generated)
(2,808 observations deleted)
(file PDFs/lowess_male_FT_2630_CWP_Raw.pdf written in PDF format)
(file PSs/lowess_male_FT_2630_CWP_Raw.eps written in EPS format)
(19,702 missing values generated)
(19,702 missing values generated)
(19,705 missing values generated)
(19,705 missing values generated)
(1,898 observations deleted)
(file PDFs/lowess_male_FT_3039_CWP_Raw.pdf written in PDF format)
(file PSs/lowess_male_FT_3039_CWP_Raw.eps written in EPS format)
(19,702 missing values generated)
(19,702 missing values generated)
(19,710 missing values generated)
(19,710 missing values generated)
(1,118 observations deleted)
(file PDFs/lowess_male_FT_3544_CWP_Raw.pdf written in PDF format)
(file PSs/lowess_male_FT_3544_CWP_Raw.eps written in EPS format)
(19,702 missing values generated)
(19,702 missing values generated)
(19,710 missing values generated)
(19,710 missing values generated)
(728 observations deleted)
(file PDFs/lowess_male_FT_4554_CWP_Raw.pdf written in PDF format)
(file PSs/lowess_male_FT_4554_CWP_Raw.eps written in EPS format)
(19,702 missing values generated)
(19,702 missing values generated)
(19,705 missing values generated)
(19,705 missing values generated)
(3,380 observations deleted)
(file PDFs/lowess_male_FT_1828_CWP_RawExact.pdf written in PDF format)
(file PSs/lowess_male_FT_1828_CWP_RawExact.eps written in EPS format)
(19,702 missing values generated)
(19,702 missing values generated)
(19,705 missing values generated)
(19,705 missing values generated)
(2,236 observations deleted)
(file PDFs/lowess_male_FT_2534_CWP_RawExact.pdf written in PDF format)
(file PSs/lowess_male_FT_2534_CWP_RawExact.eps written in EPS format)
(19,702 missing values generated)
(19,702 missing values generated)
(19,705 missing values generated)
(19,705 missing values generated)
(2,808 observations deleted)
(file PDFs/lowess_male_FT_2630_CWP_RawExact.pdf written in PDF format)
(file PSs/lowess_male_FT_2630_CWP_RawExact.eps written in EPS format)
(19,702 missing values generated)
(19,702 missing values generated)
(19,707 missing values generated)
(19,707 missing values generated)
(1,898 observations deleted)
(file PDFs/lowess_male_FT_3039_CWP_RawExact.pdf written in PDF format)
(file PSs/lowess_male_FT_3039_CWP_RawExact.eps written in EPS format)
(19,702 missing values generated)
(19,702 missing values generated)
(19,710 missing values generated)
(19,710 missing values generated)
(1,118 observations deleted)
(file PDFs/lowess_male_FT_3544_CWP_RawExact.pdf written in PDF format)
(file PSs/lowess_male_FT_3544_CWP_RawExact.eps written in EPS format)
(19,703 missing values generated)
(19,703 missing values generated)
(19,710 missing values generated)
(19,710 missing values generated)
(728 observations deleted)
(file PDFs/lowess_male_FT_4554_CWP_RawExact.pdf written in PDF format)
(file PSs/lowess_male_FT_4554_CWP_RawExact.eps written in EPS format)
(19,702 missing values generated)
(19,702 missing values generated)
(19,705 missing values generated)
(19,705 missing values generated)
(3,380 observations deleted)
(file PDFs/lowess_male_FT_1828_CWP_HLT.pdf written in PDF format)
(file PSs/lowess_male_FT_1828_CWP_HLT.eps written in EPS format)
(19,702 missing values generated)
(19,702 missing values generated)
(19,705 missing values generated)
(19,705 missing values generated)
(2,236 observations deleted)
(file PDFs/lowess_male_FT_2534_CWP_HLT.pdf written in PDF format)
(file PSs/lowess_male_FT_2534_CWP_HLT.eps written in EPS format)
(19,702 missing values generated)
(19,702 missing values generated)
(19,705 missing values generated)
(19,705 missing values generated)
(2,808 observations deleted)
(file PDFs/lowess_male_FT_2630_CWP_HLT.pdf written in PDF format)
(file PSs/lowess_male_FT_2630_CWP_HLT.eps written in EPS format)
(19,702 missing values generated)
(19,702 missing values generated)
(19,705 missing values generated)
(19,705 missing values generated)
(1,898 observations deleted)
(file PDFs/lowess_male_FT_3039_CWP_HLT.pdf written in PDF format)
(file PSs/lowess_male_FT_3039_CWP_HLT.eps written in EPS format)
(19,702 missing values generated)
(19,702 missing values generated)
(19,710 missing values generated)
(19,710 missing values generated)
(1,118 observations deleted)
(file PDFs/lowess_male_FT_3544_CWP_HLT.pdf written in PDF format)
(file PSs/lowess_male_FT_3544_CWP_HLT.eps written in EPS format)
(19,702 missing values generated)
(19,702 missing values generated)
(19,710 missing values generated)
(19,710 missing values generated)
(728 observations deleted)
(file PDFs/lowess_male_FT_4554_CWP_HLT.pdf written in PDF format)
(file PSs/lowess_male_FT_4554_CWP_HLT.eps written in EPS format)
(19,702 missing values generated)
(19,702 missing values generated)
(19,705 missing values generated)
(19,705 missing values generated)
(3,380 observations deleted)
(file PDFs/lowess_male_FT_1828_CWP_Mincer.pdf written in PDF format)
(file PSs/lowess_male_FT_1828_CWP_Mincer.eps written in EPS format)
(19,702 missing values generated)
(19,702 missing values generated)
(19,705 missing values generated)
(19,705 missing values generated)
(2,236 observations deleted)
(file PDFs/lowess_male_FT_2534_CWP_Mincer.pdf written in PDF format)
(file PSs/lowess_male_FT_2534_CWP_Mincer.eps written in EPS format)
(19,702 missing values generated)
(19,702 missing values generated)
(19,705 missing values generated)
(19,705 missing values generated)
(2,808 observations deleted)
(file PDFs/lowess_male_FT_2630_CWP_Mincer.pdf written in PDF format)
(file PSs/lowess_male_FT_2630_CWP_Mincer.eps written in EPS format)
(19,702 missing values generated)
(19,702 missing values generated)
(19,705 missing values generated)
(19,705 missing values generated)
(1,898 observations deleted)
(file PDFs/lowess_male_FT_3039_CWP_Mincer.pdf written in PDF format)
(file PSs/lowess_male_FT_3039_CWP_Mincer.eps written in EPS format)
(19,702 missing values generated)
(19,702 missing values generated)
(19,710 missing values generated)
(19,710 missing values generated)
(1,118 observations deleted)
(file PDFs/lowess_male_FT_3544_CWP_Mincer.pdf written in PDF format)
(file PSs/lowess_male_FT_3544_CWP_Mincer.eps written in EPS format)
(19,702 missing values generated)
(19,702 missing values generated)
(19,710 missing values generated)
(19,710 missing values generated)
(728 observations deleted)
(file PDFs/lowess_male_FT_4554_CWP_Mincer.pdf written in PDF format)
(file PSs/lowess_male_FT_4554_CWP_Mincer.eps written in EPS format)
(19,702 missing values generated)
(19,702 missing values generated)
(19,705 missing values generated)
(19,705 missing values generated)
(3,380 observations deleted)
(file PDFs/lowess_male_FT_1828_CWP_MincerExact.pdf written in PDF format)
(file PSs/lowess_male_FT_1828_CWP_MincerExact.eps written in EPS format)
(19,702 missing values generated)
(19,702 missing values generated)
(19,705 missing values generated)
(19,705 missing values generated)
(2,236 observations deleted)
(file PDFs/lowess_male_FT_2534_CWP_MincerExact.pdf written in PDF format)
(file PSs/lowess_male_FT_2534_CWP_MincerExact.eps written in EPS format)
(19,702 missing values generated)
(19,702 missing values generated)
(19,705 missing values generated)
(19,705 missing values generated)
(2,808 observations deleted)
(file PDFs/lowess_male_FT_2630_CWP_MincerExact.pdf written in PDF format)
(file PSs/lowess_male_FT_2630_CWP_MincerExact.eps written in EPS format)
(19,702 missing values generated)
(19,702 missing values generated)
(19,707 missing values generated)
(19,707 missing values generated)
(1,898 observations deleted)
(file PDFs/lowess_male_FT_3039_CWP_MincerExact.pdf written in PDF format)
(file PSs/lowess_male_FT_3039_CWP_MincerExact.eps written in EPS format)
(19,702 missing values generated)
(19,702 missing values generated)
(19,710 missing values generated)
(19,710 missing values generated)
(1,118 observations deleted)
(file PDFs/lowess_male_FT_3544_CWP_MincerExact.pdf written in PDF format)
(file PSs/lowess_male_FT_3544_CWP_MincerExact.eps written in EPS format)
(19,703 missing values generated)
(19,703 missing values generated)
(19,710 missing values generated)
(19,710 missing values generated)
(728 observations deleted)
(file PDFs/lowess_male_FT_4554_CWP_MincerExact.pdf written in PDF format)
(file PSs/lowess_male_FT_4554_CWP_MincerExact.eps written in EPS format)
(19,702 missing values generated)
(19,702 missing values generated)
(19,705 missing values generated)
(19,705 missing values generated)
(3,380 observations deleted)
(file PDFs/lowess_male_FT_1828_CWP_HLTExact.pdf written in PDF format)
(file PSs/lowess_male_FT_1828_CWP_HLTExact.eps written in EPS format)
(19,702 missing values generated)
(19,702 missing values generated)
(19,705 missing values generated)
(19,705 missing values generated)
(2,236 observations deleted)
(file PDFs/lowess_male_FT_2534_CWP_HLTExact.pdf written in PDF format)
(file PSs/lowess_male_FT_2534_CWP_HLTExact.eps written in EPS format)
(19,702 missing values generated)
(19,702 missing values generated)
(19,705 missing values generated)
(19,705 missing values generated)
(2,808 observations deleted)
(file PDFs/lowess_male_FT_2630_CWP_HLTExact.pdf written in PDF format)
(file PSs/lowess_male_FT_2630_CWP_HLTExact.eps written in EPS format)
(19,702 missing values generated)
(19,702 missing values generated)
(19,707 missing values generated)
(19,707 missing values generated)
(1,898 observations deleted)
(file PDFs/lowess_male_FT_3039_CWP_HLTExact.pdf written in PDF format)
(file PSs/lowess_male_FT_3039_CWP_HLTExact.eps written in EPS format)
(19,702 missing values generated)
(19,702 missing values generated)
(19,710 missing values generated)
(19,710 missing values generated)
(1,118 observations deleted)
(file PDFs/lowess_male_FT_3544_CWP_HLTExact.pdf written in PDF format)
(file PSs/lowess_male_FT_3544_CWP_HLTExact.eps written in EPS format)
(19,703 missing values generated)
(19,703 missing values generated)
(19,710 missing values generated)
(19,710 missing values generated)
(728 observations deleted)
(file PDFs/lowess_male_FT_4554_CWP_HLTExact.pdf written in PDF format)
(file PSs/lowess_male_FT_4554_CWP_HLTExact.eps written in EPS format)
(19,702 missing values generated)
(19,702 missing values generated)
(19,705 missing values generated)
(19,705 missing values generated)
(3,380 observations deleted)
(file PDFs/lowess_female_FT_1828_CWP_Raw.pdf written in PDF format)
(file PSs/lowess_female_FT_1828_CWP_Raw.eps written in EPS format)
(19,702 missing values generated)
(19,702 missing values generated)
(19,705 missing values generated)
(19,705 missing values generated)
(2,236 observations deleted)
(file PDFs/lowess_female_FT_2534_CWP_Raw.pdf written in PDF format)
(file PSs/lowess_female_FT_2534_CWP_Raw.eps written in EPS format)
(19,702 missing values generated)
(19,702 missing values generated)
(19,705 missing values generated)
(19,705 missing values generated)
(2,808 observations deleted)
(file PDFs/lowess_female_FT_2630_CWP_Raw.pdf written in PDF format)
(file PSs/lowess_female_FT_2630_CWP_Raw.eps written in EPS format)
(19,702 missing values generated)
(19,702 missing values generated)
(19,707 missing values generated)
(19,707 missing values generated)
(1,898 observations deleted)
(file PDFs/lowess_female_FT_3039_CWP_Raw.pdf written in PDF format)
(file PSs/lowess_female_FT_3039_CWP_Raw.eps written in EPS format)
(19,702 missing values generated)
(19,702 missing values generated)
(19,710 missing values generated)
(19,710 missing values generated)
(1,118 observations deleted)
(file PDFs/lowess_female_FT_3544_CWP_Raw.pdf written in PDF format)
(file PSs/lowess_female_FT_3544_CWP_Raw.eps written in EPS format)
(19,703 missing values generated)
(19,703 missing values generated)
(19,710 missing values generated)
(19,710 missing values generated)
(728 observations deleted)
(file PDFs/lowess_female_FT_4554_CWP_Raw.pdf written in PDF format)
(file PSs/lowess_female_FT_4554_CWP_Raw.eps written in EPS format)
(19,702 missing values generated)
(19,702 missing values generated)
(19,705 missing values generated)
(19,705 missing values generated)
(3,380 observations deleted)
(file PDFs/lowess_female_FT_1828_CWP_RawExact.pdf written in PDF format)
(file PSs/lowess_female_FT_1828_CWP_RawExact.eps written in EPS format)
(19,702 missing values generated)
(19,702 missing values generated)
(19,705 missing values generated)
(19,705 missing values generated)
(2,236 observations deleted)
(file PDFs/lowess_female_FT_2534_CWP_RawExact.pdf written in PDF format)
(file PSs/lowess_female_FT_2534_CWP_RawExact.eps written in EPS format)
(19,702 missing values generated)
(19,702 missing values generated)
(19,705 missing values generated)
(19,705 missing values generated)
(2,808 observations deleted)
(file PDFs/lowess_female_FT_2630_CWP_RawExact.pdf written in PDF format)
(file PSs/lowess_female_FT_2630_CWP_RawExact.eps written in EPS format)
(19,702 missing values generated)
(19,702 missing values generated)
(19,710 missing values generated)
(19,710 missing values generated)
(1,898 observations deleted)
(file PDFs/lowess_female_FT_3039_CWP_RawExact.pdf written in PDF format)
(file PSs/lowess_female_FT_3039_CWP_RawExact.eps written in EPS format)
(19,702 missing values generated)
(19,702 missing values generated)
(19,710 missing values generated)
(19,710 missing values generated)
(1,118 observations deleted)
(file PDFs/lowess_female_FT_3544_CWP_RawExact.pdf written in PDF format)
(file PSs/lowess_female_FT_3544_CWP_RawExact.eps written in EPS format)
(19,704 missing values generated)
(19,704 missing values generated)
(19,710 missing values generated)
(19,710 missing values generated)
(728 observations deleted)
(file PDFs/lowess_female_FT_4554_CWP_RawExact.pdf written in PDF format)
(file PSs/lowess_female_FT_4554_CWP_RawExact.eps written in EPS format)
(19,702 missing values generated)
(19,702 missing values generated)
(19,705 missing values generated)
(19,705 missing values generated)
(3,380 observations deleted)
(file PDFs/lowess_female_FT_1828_CWP_HLT.pdf written in PDF format)
(file PSs/lowess_female_FT_1828_CWP_HLT.eps written in EPS format)
(19,702 missing values generated)
(19,702 missing values generated)
(19,705 missing values generated)
(19,705 missing values generated)
(2,236 observations deleted)
(file PDFs/lowess_female_FT_2534_CWP_HLT.pdf written in PDF format)
(file PSs/lowess_female_FT_2534_CWP_HLT.eps written in EPS format)
(19,702 missing values generated)
(19,702 missing values generated)
(19,705 missing values generated)
(19,705 missing values generated)
(2,808 observations deleted)
(file PDFs/lowess_female_FT_2630_CWP_HLT.pdf written in PDF format)
(file PSs/lowess_female_FT_2630_CWP_HLT.eps written in EPS format)
(19,702 missing values generated)
(19,702 missing values generated)
(19,707 missing values generated)
(19,707 missing values generated)
(1,898 observations deleted)
(file PDFs/lowess_female_FT_3039_CWP_HLT.pdf written in PDF format)
(file PSs/lowess_female_FT_3039_CWP_HLT.eps written in EPS format)
(19,702 missing values generated)
(19,702 missing values generated)
(19,710 missing values generated)
(19,710 missing values generated)
(1,118 observations deleted)
(file PDFs/lowess_female_FT_3544_CWP_HLT.pdf written in PDF format)
(file PSs/lowess_female_FT_3544_CWP_HLT.eps written in EPS format)
(19,703 missing values generated)
(19,703 missing values generated)
(19,710 missing values generated)
(19,710 missing values generated)
(728 observations deleted)
(file PDFs/lowess_female_FT_4554_CWP_HLT.pdf written in PDF format)
(file PSs/lowess_female_FT_4554_CWP_HLT.eps written in EPS format)
(19,702 missing values generated)
(19,702 missing values generated)
(19,705 missing values generated)
(19,705 missing values generated)
(3,380 observations deleted)
(file PDFs/lowess_female_FT_1828_CWP_Mincer.pdf written in PDF format)
(file PSs/lowess_female_FT_1828_CWP_Mincer.eps written in EPS format)
(19,702 missing values generated)
(19,702 missing values generated)
(19,705 missing values generated)
(19,705 missing values generated)
(2,236 observations deleted)
(file PDFs/lowess_female_FT_2534_CWP_Mincer.pdf written in PDF format)
(file PSs/lowess_female_FT_2534_CWP_Mincer.eps written in EPS format)
(19,702 missing values generated)
(19,702 missing values generated)
(19,705 missing values generated)
(19,705 missing values generated)
(2,808 observations deleted)
(file PDFs/lowess_female_FT_2630_CWP_Mincer.pdf written in PDF format)
(file PSs/lowess_female_FT_2630_CWP_Mincer.eps written in EPS format)
(19,702 missing values generated)
(19,702 missing values generated)
(19,707 missing values generated)
(19,707 missing values generated)
(1,898 observations deleted)
(file PDFs/lowess_female_FT_3039_CWP_Mincer.pdf written in PDF format)
(file PSs/lowess_female_FT_3039_CWP_Mincer.eps written in EPS format)
(19,702 missing values generated)
(19,702 missing values generated)
(19,710 missing values generated)
(19,710 missing values generated)
(1,118 observations deleted)
(file PDFs/lowess_female_FT_3544_CWP_Mincer.pdf written in PDF format)
(file PSs/lowess_female_FT_3544_CWP_Mincer.eps written in EPS format)
(19,703 missing values generated)
(19,703 missing values generated)
(19,710 missing values generated)
(19,710 missing values generated)
(728 observations deleted)
(file PDFs/lowess_female_FT_4554_CWP_Mincer.pdf written in PDF format)
(file PSs/lowess_female_FT_4554_CWP_Mincer.eps written in EPS format)
(19,702 missing values generated)
(19,702 missing values generated)
(19,705 missing values generated)
(19,705 missing values generated)
(3,380 observations deleted)
(file PDFs/lowess_female_FT_1828_CWP_MincerExact.pdf written in PDF format)
(file PSs/lowess_female_FT_1828_CWP_MincerExact.eps written in EPS format)
(19,702 missing values generated)
(19,702 missing values generated)
(19,705 missing values generated)
(19,705 missing values generated)
(2,236 observations deleted)
(file PDFs/lowess_female_FT_2534_CWP_MincerExact.pdf written in PDF format)
(file PSs/lowess_female_FT_2534_CWP_MincerExact.eps written in EPS format)
(19,702 missing values generated)
(19,702 missing values generated)
(19,705 missing values generated)
(19,705 missing values generated)
(2,808 observations deleted)
(file PDFs/lowess_female_FT_2630_CWP_MincerExact.pdf written in PDF format)
(file PSs/lowess_female_FT_2630_CWP_MincerExact.eps written in EPS format)
(19,702 missing values generated)
(19,702 missing values generated)
(19,710 missing values generated)
(19,710 missing values generated)
(1,898 observations deleted)
(file PDFs/lowess_female_FT_3039_CWP_MincerExact.pdf written in PDF format)
(file PSs/lowess_female_FT_3039_CWP_MincerExact.eps written in EPS format)
(19,702 missing values generated)
(19,702 missing values generated)
(19,710 missing values generated)
(19,710 missing values generated)
(1,118 observations deleted)
(file PDFs/lowess_female_FT_3544_CWP_MincerExact.pdf written in PDF format)
(file PSs/lowess_female_FT_3544_CWP_MincerExact.eps written in EPS format)
(19,704 missing values generated)
(19,704 missing values generated)
(19,710 missing values generated)
(19,710 missing values generated)
(728 observations deleted)
(file PDFs/lowess_female_FT_4554_CWP_MincerExact.pdf written in PDF format)
(file PSs/lowess_female_FT_4554_CWP_MincerExact.eps written in EPS format)
(19,702 missing values generated)
(19,702 missing values generated)
(19,705 missing values generated)
(19,705 missing values generated)
(3,380 observations deleted)
(file PDFs/lowess_female_FT_1828_CWP_HLTExact.pdf written in PDF format)
(file PSs/lowess_female_FT_1828_CWP_HLTExact.eps written in EPS format)
(19,702 missing values generated)
(19,702 missing values generated)
(19,705 missing values generated)
(19,705 missing values generated)
(2,236 observations deleted)
(file PDFs/lowess_female_FT_2534_CWP_HLTExact.pdf written in PDF format)
(file PSs/lowess_female_FT_2534_CWP_HLTExact.eps written in EPS format)
(19,702 missing values generated)
(19,702 missing values generated)
(19,705 missing values generated)
(19,705 missing values generated)
(2,808 observations deleted)
(file PDFs/lowess_female_FT_2630_CWP_HLTExact.pdf written in PDF format)
(file PSs/lowess_female_FT_2630_CWP_HLTExact.eps written in EPS format)
(19,702 missing values generated)
(19,702 missing values generated)
(19,710 missing values generated)
(19,710 missing values generated)
(1,898 observations deleted)
(file PDFs/lowess_female_FT_3039_CWP_HLTExact.pdf written in PDF format)
(file PSs/lowess_female_FT_3039_CWP_HLTExact.eps written in EPS format)
(19,702 missing values generated)
(19,702 missing values generated)
(19,710 missing values generated)
(19,710 missing values generated)
(1,118 observations deleted)
(file PDFs/lowess_female_FT_3544_CWP_HLTExact.pdf written in PDF format)
(file PSs/lowess_female_FT_3544_CWP_HLTExact.eps written in EPS format)
(19,704 missing values generated)
(19,704 missing values generated)
(19,710 missing values generated)
(19,710 missing values generated)
(728 observations deleted)
(file PDFs/lowess_female_FT_4554_CWP_HLTExact.pdf written in PDF format)
(file PSs/lowess_female_FT_4554_CWP_HLTExact.eps written in EPS format)

. 
. log close
      name:  <unnamed>
       log:  /home/jared/NLSYvCPS/Analysis/compare_premia_smooth.log
  log type:  text
 closed on:  12 Feb 2019, 14:42:41
-------------------------------------------------------------------------------
