------------------------------------------------------------------------------------------------------------------------------------------------------------------------------------------------------------------------------------------------------------
      name:  <unnamed>
       log:  /home/data/ransom/NLSYvCPS/Analysis/compare_premia_smooth2.log
  log type:  text
 opened on:  13 Feb 2019, 13:18:45

. 
. * Compare the wage premia of the different datasets/birth cohorts
. local DATALIST ACS CPS NLSY PSID SIPP

. 
. gen dataset=""

. foreach DATA in `DATALIST' {
  2.     disp "`DATA'"
  3.     local data = lower("`DATA'")
  4.     append using `DATA'/`data'_regs2.dta, gen(`DATA')
  5.     replace dataset="`DATA'" if `DATA'==1
  6. }
ACS
variable dataset was str1 now str3
(418 real changes made)
CPS
(448 real changes made)
NLSY
variable dataset was str3 now str4
(136 real changes made)
PSID
(458 real changes made)
SIPP
(396 real changes made)

. drop   `DATALIST'

. 
. replace GWP = . if dataset=="PSID"
(458 real changes made, 458 to missing)

. 
. local minyear 1950

. local maxyear 1988

. local obscut  400

. 
. drop if dataset=="SIPP" & birthyr>=1983
(26 observations deleted)

. drop if birthyr<`minyear'
(172 observations deleted)

. 
. * Will create smooth hi/lo below
. * gen CWPhi = CWP+1.96*CWPse
. * gen CWPlo = CWP-1.96*CWPse
. * gen HSWPhi = HSWP+1.96*HSWPse
. * gen HSWPlo = HSWP-1.96*HSWPse
. 
. foreach X in HSWP CWP GWP {
  2.     if "`X'"=="GWP"  local ymax .3
  3.     if "`X'"=="GWP"  local ymin -.1
  4.     if "`X'"=="CWP"  local ymax .6
  5.     if "`X'"=="CWP"  local ymin  0
  6.     if "`X'"=="HSWP" local ymax .4
  7.     if "`X'"=="HSWP" local ymin -.1
  8. 
.         foreach FEM in 0 1 {
  9.                 if `FEM'==1 local PRE="fe"
 10.                 else local PRE=""
 11. 
.                 foreach Y in RawGradExact {
 12.                         foreach A in 18 25 26 30 35 45 {
 13.                                 preserve // Preserve is important so that we don't have to drop our smoothed vars each time
 14.                                 lowess `X' birthyr if female==`FEM' & empFT & age1==`A' & N>=`obscut' & controls=="`Y'" & dataset=="NLSY" & birthyr<=1964, gen(`X'smooth64) bwidth(.7)
 15.                                 lowess `X' birthyr if female==`FEM' & empFT & age1==`A' & N>=`obscut' & controls=="`Y'" & dataset=="NLSY" & birthyr>=1980, gen(`X'smooth80) bwidth(.9)
 16.                                 
.                                 gen `X'hiSmooth64 = `X'smooth64+1.96*`X'se
 17.                                 gen `X'loSmooth64 = `X'smooth64-1.96*`X'se
 18.                                 
.                                 gen `X'hiSmooth80 = `X'smooth80+1.96*`X'se
 19.                                 gen `X'loSmooth80 = `X'smooth80-1.96*`X'se
 20.                                 
.                                 if `A'==18 drop if !inlist(birthyr,1958,1959,1968,1969,1978,1979) & !inrange(birthyr,1980,1988) & dataset=="ACS" // keep 21-22 year olds
 21.                                 if `A'==25 drop if !inlist(birthyr,1950,1951,1960,1961,1970,1971) & !inrange(birthyr,1972,1988) & dataset=="ACS" // keep 29-30 year olds
 22.                                 if `A'==26 drop if !inlist(birthyr,1952,     1962,     1972     ) & !inrange(birthyr,1973,1988) & dataset=="ACS" // keep 28    year olds
 23.                                 if `A'==30 drop if !inlist(birthyr,1945,1946,1955,1956,1965,1966) & !inrange(birthyr,1967,1988) & dataset=="ACS" // keep 34-35 year olds
 24.                 if `A'==35 drop if ~inlist(birthyr,1940,1941,1950,1951,1960,1961) & ~inrange(birthyr,1962,1988) & dataset=="ACS" // keep 39-40 year olds
 25.                 if `A'==45 drop if ~inlist(birthyr,1935,1936,1945,1946,1955,1956) & ~inrange(birthyr,1957,1988) & dataset=="ACS" // keep 44-45 year olds
 26.                                 if `A'==18 local A2 28
 27.                                 if `A'==25 local A2 34
 28.                                 if `A'==26 local A2 30
 29.                                 if `A'==30 local A2 39
 30.                                 if `A'==35 local A2 44
 31.                                 if `A'==45 local A2 54
 32.                                 twoway ( rarea   `X'hiSmooth64 `X'loSmooth64 birthyr if female==`FEM' & empFT & age1==`A' & N>=`obscut' & controls=="`Y'" & dataset=="NLSY" & birthyr<=1964 , color(gs14)) ///
>                                            ( rarea   `X'hiSmooth80 `X'loSmooth80 birthyr if female==`FEM' & empFT & age1==`A' & N>=`obscut' & controls=="`Y'" & dataset=="NLSY" & birthyr>=1980 , color(gs14)) ///
>                                        ( lowess  `X'                         birthyr if female==`FEM' & empFT & age1==`A' & N>=`obscut' & controls=="`Y'" & dataset=="NLSY" & birthyr<=1964 , bwidth(.7) lwidth(medthick) lcolor(black) lpattern(solid)) /
> //
>                                            ( lowess  `X'                         birthyr if female==`FEM' & empFT & age1==`A' & N>=`obscut' & controls=="`Y'" & dataset=="CPS"                  , bwidth(.2) lwidth(medthick) lcolor(black) lpattern(dash)
> ) ///
>                                            ( lowess  `X'                         birthyr if female==`FEM' & empFT & age1==`A' & N>=`obscut' & controls=="`Y'" & dataset=="ACS"                  , bwidth(.2) lwidth(medthick) lcolor(black) lpattern(dot))
>  ///
>                                            ( lowess  `X'                         birthyr if female==`FEM' & empFT & age1==`A' & N>=`obscut' & controls=="`Y'" & dataset=="PSID" & birthyr<=1966 , bwidth(.3) lwidth(medthick) lcolor(black) lpattern(short
> dash_dot)) ///
>                                            ( lowess  `X'                         birthyr if female==`FEM' & empFT & age1==`A' & N>=`obscut' & controls=="`Y'" & dataset=="SIPP" & birthyr<=1984 , bwidth(.2) lwidth(medthick) lcolor(black) lpattern(longd
> ash_dot)) ///
>                                            ( lowess  `X'                         birthyr if female==`FEM' & empFT & age1==`A' & N>=`obscut' & controls=="`Y'" & dataset=="NLSY" & birthyr>=1980 , bwidth(.9) lwidth(medthick) lcolor(black) lpattern(solid
> )) ///
>                                            ( lowess  `X'                         birthyr if female==`FEM' & empFT & age1==`A' & N>=`obscut' & controls=="`Y'" & dataset=="PSID" & birthyr>=1978 , bwidth(.3) lwidth(medthick) lcolor(black) lpattern(short
> dash_dot)) ///
>                                 , legend(order(3 4 5 6 7) label(3 "NLSY") label(4 "CPS") label(5 "ACS") label(6 "PSID") label(7 "SIPP") cols(2) symxsize(10) keygap(1) ) ///
>                                 xscale(range(`minyear' `maxyear')) xlabel(`minyear'(4)`maxyear') yscale(range(`=`ymin'-.05' `=`ymax'+.05')) ylabel(`ymin'(.2)`ymax') xtitle(Birth Year) ytitle(Wage Premium) graphregion(color(white))
 33.                                 *xscale(range(`minyear' `maxyear')) xlabel(`minyear'(4)`maxyear') yscale(range(-.2 .8)) ylabel(-.2(.2).6) xtitle(Birth Year) ytitle(Wage Premium) graphregion(color(white))
.                                 graph export PDFs/lowess_`PRE'male_FT_`A'`A2'_`X'_`Y'.pdf, replace
 34.                                 graph export  PSs/lowess_`PRE'male_FT_`A'`A2'_`X'_`Y'.eps, replace
 35.                                 restore
 36.                         }
 37.                 }
 38.     }
 39. }
(1,650 missing values generated)
(1,650 missing values generated)
(1,653 missing values generated)
(1,653 missing values generated)
(260 observations deleted)
(file PDFs/lowess_male_FT_1828_HSWP_RawGradExact.pdf written in PDF format)
(file PSs/lowess_male_FT_1828_HSWP_RawGradExact.eps written in EPS format)
(1,650 missing values generated)
(1,650 missing values generated)
(1,653 missing values generated)
(1,653 missing values generated)
(172 observations deleted)
(file PDFs/lowess_male_FT_2534_HSWP_RawGradExact.pdf written in PDF format)
(file PSs/lowess_male_FT_2534_HSWP_RawGradExact.eps written in EPS format)
(1,650 missing values generated)
(1,650 missing values generated)
(1,653 missing values generated)
(1,653 missing values generated)
(216 observations deleted)
(file PDFs/lowess_male_FT_2630_HSWP_RawGradExact.pdf written in PDF format)
(file PSs/lowess_male_FT_2630_HSWP_RawGradExact.eps written in EPS format)
(1,650 missing values generated)
(1,650 missing values generated)
(1,653 missing values generated)
(1,653 missing values generated)
(146 observations deleted)
(file PDFs/lowess_male_FT_3039_HSWP_RawGradExact.pdf written in PDF format)
(file PSs/lowess_male_FT_3039_HSWP_RawGradExact.eps written in EPS format)
(1,650 missing values generated)
(1,650 missing values generated)
(1,658 missing values generated)
(1,658 missing values generated)
(86 observations deleted)
(file PDFs/lowess_male_FT_3544_HSWP_RawGradExact.pdf written in PDF format)
(file PSs/lowess_male_FT_3544_HSWP_RawGradExact.eps written in EPS format)
(1,650 missing values generated)
(1,650 missing values generated)
(1,658 missing values generated)
(1,658 missing values generated)
(56 observations deleted)
(file PDFs/lowess_male_FT_4554_HSWP_RawGradExact.pdf written in PDF format)
(file PSs/lowess_male_FT_4554_HSWP_RawGradExact.eps written in EPS format)
(1,650 missing values generated)
(1,650 missing values generated)
(1,653 missing values generated)
(1,653 missing values generated)
(260 observations deleted)
(file PDFs/lowess_female_FT_1828_HSWP_RawGradExact.pdf written in PDF format)
(file PSs/lowess_female_FT_1828_HSWP_RawGradExact.eps written in EPS format)
(1,650 missing values generated)
(1,650 missing values generated)
(1,653 missing values generated)
(1,653 missing values generated)
(172 observations deleted)
(file PDFs/lowess_female_FT_2534_HSWP_RawGradExact.pdf written in PDF format)
(file PSs/lowess_female_FT_2534_HSWP_RawGradExact.eps written in EPS format)
(1,650 missing values generated)
(1,650 missing values generated)
(1,653 missing values generated)
(1,653 missing values generated)
(216 observations deleted)
(file PDFs/lowess_female_FT_2630_HSWP_RawGradExact.pdf written in PDF format)
(file PSs/lowess_female_FT_2630_HSWP_RawGradExact.eps written in EPS format)
(1,650 missing values generated)
(1,650 missing values generated)
(1,655 missing values generated)
(1,655 missing values generated)
(146 observations deleted)
(file PDFs/lowess_female_FT_3039_HSWP_RawGradExact.pdf written in PDF format)
(file PSs/lowess_female_FT_3039_HSWP_RawGradExact.eps written in EPS format)
(1,650 missing values generated)
(1,650 missing values generated)
(1,658 missing values generated)
(1,658 missing values generated)
(86 observations deleted)
(file PDFs/lowess_female_FT_3544_HSWP_RawGradExact.pdf written in PDF format)
(file PSs/lowess_female_FT_3544_HSWP_RawGradExact.eps written in EPS format)
(1,651 missing values generated)
(1,651 missing values generated)
(1,658 missing values generated)
(1,658 missing values generated)
(56 observations deleted)
(file PDFs/lowess_female_FT_4554_HSWP_RawGradExact.pdf written in PDF format)
(file PSs/lowess_female_FT_4554_HSWP_RawGradExact.eps written in EPS format)
(1,650 missing values generated)
(1,650 missing values generated)
(1,653 missing values generated)
(1,653 missing values generated)
(260 observations deleted)
(file PDFs/lowess_male_FT_1828_CWP_RawGradExact.pdf written in PDF format)
(file PSs/lowess_male_FT_1828_CWP_RawGradExact.eps written in EPS format)
(1,650 missing values generated)
(1,650 missing values generated)
(1,653 missing values generated)
(1,653 missing values generated)
(172 observations deleted)
(file PDFs/lowess_male_FT_2534_CWP_RawGradExact.pdf written in PDF format)
(file PSs/lowess_male_FT_2534_CWP_RawGradExact.eps written in EPS format)
(1,650 missing values generated)
(1,650 missing values generated)
(1,653 missing values generated)
(1,653 missing values generated)
(216 observations deleted)
(file PDFs/lowess_male_FT_2630_CWP_RawGradExact.pdf written in PDF format)
(file PSs/lowess_male_FT_2630_CWP_RawGradExact.eps written in EPS format)
(1,650 missing values generated)
(1,650 missing values generated)
(1,653 missing values generated)
(1,653 missing values generated)
(146 observations deleted)
(file PDFs/lowess_male_FT_3039_CWP_RawGradExact.pdf written in PDF format)
(file PSs/lowess_male_FT_3039_CWP_RawGradExact.eps written in EPS format)
(1,650 missing values generated)
(1,650 missing values generated)
(1,658 missing values generated)
(1,658 missing values generated)
(86 observations deleted)
(file PDFs/lowess_male_FT_3544_CWP_RawGradExact.pdf written in PDF format)
(file PSs/lowess_male_FT_3544_CWP_RawGradExact.eps written in EPS format)
(1,650 missing values generated)
(1,650 missing values generated)
(1,658 missing values generated)
(1,658 missing values generated)
(56 observations deleted)
(file PDFs/lowess_male_FT_4554_CWP_RawGradExact.pdf written in PDF format)
(file PSs/lowess_male_FT_4554_CWP_RawGradExact.eps written in EPS format)
(1,650 missing values generated)
(1,650 missing values generated)
(1,653 missing values generated)
(1,653 missing values generated)
(260 observations deleted)
(file PDFs/lowess_female_FT_1828_CWP_RawGradExact.pdf written in PDF format)
(file PSs/lowess_female_FT_1828_CWP_RawGradExact.eps written in EPS format)
(1,650 missing values generated)
(1,650 missing values generated)
(1,653 missing values generated)
(1,653 missing values generated)
(172 observations deleted)
(file PDFs/lowess_female_FT_2534_CWP_RawGradExact.pdf written in PDF format)
(file PSs/lowess_female_FT_2534_CWP_RawGradExact.eps written in EPS format)
(1,650 missing values generated)
(1,650 missing values generated)
(1,653 missing values generated)
(1,653 missing values generated)
(216 observations deleted)
(file PDFs/lowess_female_FT_2630_CWP_RawGradExact.pdf written in PDF format)
(file PSs/lowess_female_FT_2630_CWP_RawGradExact.eps written in EPS format)
(1,650 missing values generated)
(1,650 missing values generated)
(1,655 missing values generated)
(1,655 missing values generated)
(146 observations deleted)
(file PDFs/lowess_female_FT_3039_CWP_RawGradExact.pdf written in PDF format)
(file PSs/lowess_female_FT_3039_CWP_RawGradExact.eps written in EPS format)
(1,650 missing values generated)
(1,650 missing values generated)
(1,658 missing values generated)
(1,658 missing values generated)
(86 observations deleted)
(file PDFs/lowess_female_FT_3544_CWP_RawGradExact.pdf written in PDF format)
(file PSs/lowess_female_FT_3544_CWP_RawGradExact.eps written in EPS format)
(1,651 missing values generated)
(1,651 missing values generated)
(1,658 missing values generated)
(1,658 missing values generated)
(56 observations deleted)
(file PDFs/lowess_female_FT_4554_CWP_RawGradExact.pdf written in PDF format)
(file PSs/lowess_female_FT_4554_CWP_RawGradExact.eps written in EPS format)
(1,650 missing values generated)
(1,650 missing values generated)
(1,653 missing values generated)
(1,653 missing values generated)
(260 observations deleted)
(file PDFs/lowess_male_FT_1828_GWP_RawGradExact.pdf written in PDF format)
(file PSs/lowess_male_FT_1828_GWP_RawGradExact.eps written in EPS format)
(1,650 missing values generated)
(1,650 missing values generated)
(1,653 missing values generated)
(1,653 missing values generated)
(172 observations deleted)
(file PDFs/lowess_male_FT_2534_GWP_RawGradExact.pdf written in PDF format)
(file PSs/lowess_male_FT_2534_GWP_RawGradExact.eps written in EPS format)
(1,650 missing values generated)
(1,650 missing values generated)
(1,653 missing values generated)
(1,653 missing values generated)
(216 observations deleted)
(file PDFs/lowess_male_FT_2630_GWP_RawGradExact.pdf written in PDF format)
(file PSs/lowess_male_FT_2630_GWP_RawGradExact.eps written in EPS format)
(1,650 missing values generated)
(1,650 missing values generated)
(1,653 missing values generated)
(1,653 missing values generated)
(146 observations deleted)
(file PDFs/lowess_male_FT_3039_GWP_RawGradExact.pdf written in PDF format)
(file PSs/lowess_male_FT_3039_GWP_RawGradExact.eps written in EPS format)
(1,650 missing values generated)
(1,650 missing values generated)
(1,658 missing values generated)
(1,658 missing values generated)
(86 observations deleted)
(file PDFs/lowess_male_FT_3544_GWP_RawGradExact.pdf written in PDF format)
(file PSs/lowess_male_FT_3544_GWP_RawGradExact.eps written in EPS format)
(1,650 missing values generated)
(1,650 missing values generated)
(1,658 missing values generated)
(1,658 missing values generated)
(56 observations deleted)
(file PDFs/lowess_male_FT_4554_GWP_RawGradExact.pdf written in PDF format)
(file PSs/lowess_male_FT_4554_GWP_RawGradExact.eps written in EPS format)
(1,650 missing values generated)
(1,650 missing values generated)
(1,653 missing values generated)
(1,653 missing values generated)
(260 observations deleted)
(file PDFs/lowess_female_FT_1828_GWP_RawGradExact.pdf written in PDF format)
(file PSs/lowess_female_FT_1828_GWP_RawGradExact.eps written in EPS format)
(1,650 missing values generated)
(1,650 missing values generated)
(1,653 missing values generated)
(1,653 missing values generated)
(172 observations deleted)
(file PDFs/lowess_female_FT_2534_GWP_RawGradExact.pdf written in PDF format)
(file PSs/lowess_female_FT_2534_GWP_RawGradExact.eps written in EPS format)
(1,650 missing values generated)
(1,650 missing values generated)
(1,653 missing values generated)
(1,653 missing values generated)
(216 observations deleted)
(file PDFs/lowess_female_FT_2630_GWP_RawGradExact.pdf written in PDF format)
(file PSs/lowess_female_FT_2630_GWP_RawGradExact.eps written in EPS format)
(1,650 missing values generated)
(1,650 missing values generated)
(1,655 missing values generated)
(1,655 missing values generated)
(146 observations deleted)
(file PDFs/lowess_female_FT_3039_GWP_RawGradExact.pdf written in PDF format)
(file PSs/lowess_female_FT_3039_GWP_RawGradExact.eps written in EPS format)
(1,650 missing values generated)
(1,650 missing values generated)
(1,658 missing values generated)
(1,658 missing values generated)
(86 observations deleted)
(file PDFs/lowess_female_FT_3544_GWP_RawGradExact.pdf written in PDF format)
(file PSs/lowess_female_FT_3544_GWP_RawGradExact.eps written in EPS format)
(1,651 missing values generated)
(1,651 missing values generated)
(1,658 missing values generated)
(1,658 missing values generated)
(56 observations deleted)
(file PDFs/lowess_female_FT_4554_GWP_RawGradExact.pdf written in PDF format)
(file PSs/lowess_female_FT_4554_GWP_RawGradExact.eps written in EPS format)

. 
. log close
      name:  <unnamed>
       log:  /home/data/ransom/NLSYvCPS/Analysis/compare_premia_smooth2.log
  log type:  text
 closed on:  13 Feb 2019, 13:19:07
------------------------------------------------------------------------------------------------------------------------------------------------------------------------------------------------------------------------------------------------------------
